# JRE version: OpenJDK Runtime Environment (8.0_242-b01) (build 1.8.0_242-release-1644-b01)
# Java VM: OpenJDK 64-Bit Server VM (25.242-b01 mixed mode windows-amd64 compressed oops)
Heap:
 PSYoungGen      total 188928K, used 133116K [0x00000000e0000000, 0x00000000ecf00000, 0x0000000100000000)
  eden space 175616K, 68% used [0x00000000e0000000,0x00000000e7523470,0x00000000eab80000)
  from space 13312K, 98% used [0x00000000ec200000,0x00000000ecedbe20,0x00000000ecf00000)
  to   space 14848K, 0% used [0x00000000eb200000,0x00000000eb200000,0x00000000ec080000)
 ParOldGen       total 72704K, used 19702K [0x00000000a0000000, 0x00000000a4700000, 0x00000000e0000000)
  object space 72704K, 27% used [0x00000000a0000000,0x00000000a133da40,0x00000000a4700000)
 Metaspace       used 54131K, capacity 55996K, committed 56360K, reserved 1097728K
  class space    used 7156K, capacity 7602K, committed 7728K, reserved 1048576K
GC Heap History (10 events):
Event: 6.862 GC heap before
{Heap before GC invocations=8 (full 1):
 PSYoungGen      total 76800K, used 4778K [0x00000000e0000000, 0x00000000e9500000, 0x0000000100000000)
  eden space 65536K, 0% used [0x00000000e0000000,0x00000000e0000000,0x00000000e4000000)
  from space 11264K, 42% used [0x00000000e4000000,0x00000000e44aaa90,0x00000000e4b00000)
  to   space 10752K, 0% used [0x00000000e8a80000,0x00000000e8a80000,0x00000000e9500000)
 ParOldGen       total 87552K, used 8693K [0x00000000a0000000, 0x00000000a5580000, 0x00000000e0000000)
  object space 87552K, 9% used [0x00000000a0000000,0x00000000a087d628,0x00000000a5580000)
 Metaspace       used 20537K, capacity 21218K, committed 21296K, reserved 1067008K
  class space    used 2882K, capacity 3093K, committed 3120K, reserved 1048576K
Event: 6.916 GC heap after
Heap after GC invocations=8 (full 1):
 PSYoungGen      total 76800K, used 0K [0x00000000e0000000, 0x00000000e9500000, 0x0000000100000000)
  eden space 65536K, 0% used [0x00000000e0000000,0x00000000e0000000,0x00000000e4000000)
  from space 11264K, 0% used [0x00000000e4000000,0x00000000e4000000,0x00000000e4b00000)
  to   space 10752K, 0% used [0x00000000e8a80000,0x00000000e8a80000,0x00000000e9500000)
 ParOldGen       total 48640K, used 7539K [0x00000000a0000000, 0x00000000a2f80000, 0x00000000e0000000)
  object space 48640K, 15% used [0x00000000a0000000,0x00000000a075cf58,0x00000000a2f80000)
 Metaspace       used 20537K, capacity 21218K, committed 21296K, reserved 1067008K
  class space    used 2882K, capacity 3093K, committed 3120K, reserved 1048576K
}
Event: 8.066 GC heap before
{Heap before GC invocations=9 (full 1):
 PSYoungGen      total 76800K, used 65536K [0x00000000e0000000, 0x00000000e9500000, 0x0000000100000000)
  eden space 65536K, 100% used [0x00000000e0000000,0x00000000e4000000,0x00000000e4000000)
  from space 11264K, 0% used [0x00000000e4000000,0x00000000e4000000,0x00000000e4b00000)
  to   space 10752K, 0% used [0x00000000e8a80000,0x00000000e8a80000,0x00000000e9500000)
 ParOldGen       total 48640K, used 7539K [0x00000000a0000000, 0x00000000a2f80000, 0x00000000e0000000)
  object space 48640K, 15% used [0x00000000a0000000,0x00000000a075cf58,0x00000000a2f80000)
 Metaspace       used 28023K, capacity 28804K, committed 28976K, reserved 1075200K
  class space    used 3868K, capacity 4103K, committed 4144K, reserved 1048576K
Event: 8.077 GC heap after
Heap after GC invocations=9 (full 1):
 PSYoungGen      total 131072K, used 7868K [0x00000000e0000000, 0x00000000e9280000, 0x0000000100000000)
  eden space 122880K, 0% used [0x00000000e0000000,0x00000000e0000000,0x00000000e7800000)
  from space 8192K, 96% used [0x00000000e8a80000,0x00000000e922f1a0,0x00000000e9280000)
  to   space 11264K, 0% used [0x00000000e7c80000,0x00000000e7c80000,0x00000000e8780000)
 ParOldGen       total 48640K, used 7547K [0x00000000a0000000, 0x00000000a2f80000, 0x00000000e0000000)
  object space 48640K, 15% used [0x00000000a0000000,0x00000000a075ef58,0x00000000a2f80000)
 Metaspace       used 28023K, capacity 28804K, committed 28976K, reserved 1075200K
  class space    used 3868K, capacity 4103K, committed 4144K, reserved 1048576K
}
Event: 10.236 GC heap before
{Heap before GC invocations=10 (full 1):
 PSYoungGen      total 131072K, used 116007K [0x00000000e0000000, 0x00000000e9280000, 0x0000000100000000)
  eden space 122880K, 88% used [0x00000000e0000000,0x00000000e699ade0,0x00000000e7800000)
  from space 8192K, 96% used [0x00000000e8a80000,0x00000000e922f1a0,0x00000000e9280000)
  to   space 11264K, 0% used [0x00000000e7c80000,0x00000000e7c80000,0x00000000e8780000)
 ParOldGen       total 48640K, used 7547K [0x00000000a0000000, 0x00000000a2f80000, 0x00000000e0000000)
  object space 48640K, 15% used [0x00000000a0000000,0x00000000a075ef58,0x00000000a2f80000)
 Metaspace       used 34466K, capacity 35382K, committed 35496K, reserved 1079296K
  class space    used 4689K, capacity 4942K, committed 5040K, reserved 1048576K
Event: 10.260 GC heap after
Heap after GC invocations=10 (full 1):
 PSYoungGen      total 138752K, used 11251K [0x00000000e0000000, 0x00000000ecf00000, 0x0000000100000000)
  eden space 127488K, 0% used [0x00000000e0000000,0x00000000e0000000,0x00000000e7c80000)
  from space 11264K, 99% used [0x00000000e7c80000,0x00000000e877cda8,0x00000000e8780000)
  to   space 13312K, 0% used [0x00000000ec200000,0x00000000ec200000,0x00000000ecf00000)
 ParOldGen       total 48640K, used 9055K [0x00000000a0000000, 0x00000000a2f80000, 0x00000000e0000000)
  object space 48640K, 18% used [0x00000000a0000000,0x00000000a08d7de0,0x00000000a2f80000)
 Metaspace       used 34466K, capacity 35382K, committed 35496K, reserved 1079296K
  class space    used 4689K, capacity 4942K, committed 5040K, reserved 1048576K
}
Event: 10.260 GC heap before
{Heap before GC invocations=11 (full 2):
 PSYoungGen      total 138752K, used 11251K [0x00000000e0000000, 0x00000000ecf00000, 0x0000000100000000)
  eden space 127488K, 0% used [0x00000000e0000000,0x00000000e0000000,0x00000000e7c80000)
  from space 11264K, 99% used [0x00000000e7c80000,0x00000000e877cda8,0x00000000e8780000)
  to   space 13312K, 0% used [0x00000000ec200000,0x00000000ec200000,0x00000000ecf00000)
 ParOldGen       total 48640K, used 9055K [0x00000000a0000000, 0x00000000a2f80000, 0x00000000e0000000)
  object space 48640K, 18% used [0x00000000a0000000,0x00000000a08d7de0,0x00000000a2f80000)
 Metaspace       used 34466K, capacity 35382K, committed 35496K, reserved 1079296K
  class space    used 4689K, capacity 4942K, committed 5040K, reserved 1048576K
Event: 10.374 GC heap after
Heap after GC invocations=11 (full 2):
 PSYoungGen      total 138752K, used 0K [0x00000000e0000000, 0x00000000ecf00000, 0x0000000100000000)
  eden space 127488K, 0% used [0x00000000e0000000,0x00000000e0000000,0x00000000e7c80000)
  from space 11264K, 0% used [0x00000000e7c80000,0x00000000e7c80000,0x00000000e8780000)
  to   space 13312K, 0% used [0x00000000ec200000,0x00000000ec200000,0x00000000ecf00000)
 ParOldGen       total 72704K, used 19702K [0x00000000a0000000, 0x00000000a4700000, 0x00000000e0000000)
  object space 72704K, 27% used [0x00000000a0000000,0x00000000a133da40,0x00000000a4700000)
 Metaspace       used 34466K, capacity 35382K, committed 35496K, reserved 1079296K
  class space    used 4689K, capacity 4942K, committed 5040K, reserved 1048576K
}
Event: 13.689 GC heap before
{Heap before GC invocations=12 (full 2):
 PSYoungGen      total 138752K, used 127488K [0x00000000e0000000, 0x00000000ecf00000, 0x0000000100000000)
  eden space 127488K, 100% used [0x00000000e0000000,0x00000000e7c80000,0x00000000e7c80000)
  from space 11264K, 0% used [0x00000000e7c80000,0x00000000e7c80000,0x00000000e8780000)
  to   space 13312K, 0% used [0x00000000ec200000,0x00000000ec200000,0x00000000ecf00000)
 ParOldGen       total 72704K, used 19702K [0x00000000a0000000, 0x00000000a4700000, 0x00000000e0000000)
  object space 72704K, 27% used [0x00000000a0000000,0x00000000a133da40,0x00000000a4700000)
 Metaspace       used 44379K, capacity 45984K, committed 46120K, reserved 1089536K
  class space    used 5965K, capacity 6341K, committed 6448K, reserved 1048576K
Event: 13.722 GC heap after
Heap after GC invocations=12 (full 2):
 PSYoungGen      total 188928K, used 13167K [0x00000000e0000000, 0x00000000ecf00000, 0x0000000100000000)
  eden space 175616K, 0% used [0x00000000e0000000,0x00000000e0000000,0x00000000eab80000)
  from space 13312K, 98% used [0x00000000ec200000,0x00000000ecedbe20,0x00000000ecf00000)
  to   space 14848K, 0% used [0x00000000eb200000,0x00000000eb200000,0x00000000ec080000)
 ParOldGen       total 72704K, used 19702K [0x00000000a0000000, 0x00000000a4700000, 0x00000000e0000000)
  object space 72704K, 27% used [0x00000000a0000000,0x00000000a133da40,0x00000000a4700000)
 Metaspace       used 44379K, capacity 45984K, committed 46120K, reserved 1089536K
  class space    used 5965K, capacity 6341K, committed 6448K, reserved 1048576K
}

