# JRE version: OpenJDK Runtime Environment (8.0_242-b01) (build 1.8.0_242-release-1644-b01)
# Java VM: OpenJDK 64-Bit Server VM (25.242-b01 mixed mode windows-amd64 compressed oops)
Heap:
 PSYoungGen      total 43008K, used 30497K [0x00000000e0000000, 0x00000000e5300000, 0x0000000100000000)
  eden space 31744K, 96% used [0x00000000e0000000,0x00000000e1dc8488,0x00000000e1f00000)
  from space 11264K, 0% used [0x00000000e1f00000,0x00000000e1f00000,0x00000000e2a00000)
  to   space 10752K, 0% used [0x00000000e4880000,0x00000000e4880000,0x00000000e5300000)
 ParOldGen       total 49664K, used 6920K [0x00000000a0000000, 0x00000000a3080000, 0x00000000e0000000)
  object space 49664K, 13% used [0x00000000a0000000,0x00000000a06c2208,0x00000000a3080000)
 Metaspace       used 22371K, capacity 23024K, committed 23344K, reserved 1069056K
  class space    used 3159K, capacity 3342K, committed 3376K, reserved 1048576K
GC Heap History (10 events):
Event: 50.437 GC heap before
{Heap before GC invocations=4 (full 0):
 PSYoungGen      total 38400K, used 38368K [0x00000000e0000000, 0x00000000e2a80000, 0x0000000100000000)
  eden space 33280K, 100% used [0x00000000e0000000,0x00000000e2080000,0x00000000e2080000)
  from space 5120K, 99% used [0x00000000e2080000,0x00000000e2578020,0x00000000e2580000)
  to   space 5120K, 0% used [0x00000000e2580000,0x00000000e2580000,0x00000000e2a80000)
 ParOldGen       total 87552K, used 973K [0x00000000a0000000, 0x00000000a5580000, 0x00000000e0000000)
  object space 87552K, 1% used [0x00000000a0000000,0x00000000a00f3640,0x00000000a5580000)
 Metaspace       used 15083K, capacity 15564K, committed 15744K, reserved 1062912K
  class space    used 1988K, capacity 2154K, committed 2176K, reserved 1048576K
Event: 50.452 GC heap after
Heap after GC invocations=4 (full 0):
 PSYoungGen      total 38400K, used 5088K [0x00000000e0000000, 0x00000000e2a80000, 0x0000000100000000)
  eden space 33280K, 0% used [0x00000000e0000000,0x00000000e0000000,0x00000000e2080000)
  from space 5120K, 99% used [0x00000000e2580000,0x00000000e2a78020,0x00000000e2a80000)
  to   space 5120K, 0% used [0x00000000e2080000,0x00000000e2080000,0x00000000e2580000)
 ParOldGen       total 87552K, used 3307K [0x00000000a0000000, 0x00000000a5580000, 0x00000000e0000000)
  object space 87552K, 3% used [0x00000000a0000000,0x00000000a033af78,0x00000000a5580000)
 Metaspace       used 15083K, capacity 15564K, committed 15744K, reserved 1062912K
  class space    used 1988K, capacity 2154K, committed 2176K, reserved 1048576K
}
Event: 58.922 GC heap before
{Heap before GC invocations=5 (full 0):
 PSYoungGen      total 38400K, used 38368K [0x00000000e0000000, 0x00000000e2a80000, 0x0000000100000000)
  eden space 33280K, 100% used [0x00000000e0000000,0x00000000e2080000,0x00000000e2080000)
  from space 5120K, 99% used [0x00000000e2580000,0x00000000e2a78020,0x00000000e2a80000)
  to   space 5120K, 0% used [0x00000000e2080000,0x00000000e2080000,0x00000000e2580000)
 ParOldGen       total 87552K, used 3307K [0x00000000a0000000, 0x00000000a5580000, 0x00000000e0000000)
  object space 87552K, 3% used [0x00000000a0000000,0x00000000a033af78,0x00000000a5580000)
 Metaspace       used 17895K, capacity 18394K, committed 18560K, reserved 1064960K
  class space    used 2432K, capacity 2603K, committed 2688K, reserved 1048576K
Event: 58.935 GC heap after
Heap after GC invocations=5 (full 0):
 PSYoungGen      total 37888K, used 5104K [0x00000000e0000000, 0x00000000e3400000, 0x0000000100000000)
  eden space 32768K, 0% used [0x00000000e0000000,0x00000000e0000000,0x00000000e2000000)
  from space 5120K, 99% used [0x00000000e2080000,0x00000000e257c010,0x00000000e2580000)
  to   space 10240K, 0% used [0x00000000e2a00000,0x00000000e2a00000,0x00000000e3400000)
 ParOldGen       total 87552K, used 6620K [0x00000000a0000000, 0x00000000a5580000, 0x00000000e0000000)
  object space 87552K, 7% used [0x00000000a0000000,0x00000000a0677210,0x00000000a5580000)
 Metaspace       used 17895K, capacity 18394K, committed 18560K, reserved 1064960K
  class space    used 2432K, capacity 2603K, committed 2688K, reserved 1048576K
}
Event: 65.130 GC heap before
{Heap before GC invocations=6 (full 0):
 PSYoungGen      total 37888K, used 37872K [0x00000000e0000000, 0x00000000e3400000, 0x0000000100000000)
  eden space 32768K, 100% used [0x00000000e0000000,0x00000000e2000000,0x00000000e2000000)
  from space 5120K, 99% used [0x00000000e2080000,0x00000000e257c010,0x00000000e2580000)
  to   space 10240K, 0% used [0x00000000e2a00000,0x00000000e2a00000,0x00000000e3400000)
 ParOldGen       total 87552K, used 6620K [0x00000000a0000000, 0x00000000a5580000, 0x00000000e0000000)
  object space 87552K, 7% used [0x00000000a0000000,0x00000000a0677210,0x00000000a5580000)
 Metaspace       used 20532K, capacity 21192K, committed 21248K, reserved 1067008K
  class space    used 2869K, capacity 3052K, committed 3072K, reserved 1048576K
Event: 65.150 GC heap after
Heap after GC invocations=6 (full 0):
 PSYoungGen      total 41984K, used 8625K [0x00000000e0000000, 0x00000000e3580000, 0x0000000100000000)
  eden space 31744K, 0% used [0x00000000e0000000,0x00000000e0000000,0x00000000e1f00000)
  from space 10240K, 84% used [0x00000000e2a00000,0x00000000e326c750,0x00000000e3400000)
  to   space 11264K, 0% used [0x00000000e1f00000,0x00000000e1f00000,0x00000000e2a00000)
 ParOldGen       total 87552K, used 6628K [0x00000000a0000000, 0x00000000a5580000, 0x00000000e0000000)
  object space 87552K, 7% used [0x00000000a0000000,0x00000000a0679210,0x00000000a5580000)
 Metaspace       used 20532K, capacity 21192K, committed 21248K, reserved 1067008K
  class space    used 2869K, capacity 3052K, committed 3072K, reserved 1048576K
}
Event: 65.512 GC heap before
{Heap before GC invocations=7 (full 0):
 PSYoungGen      total 41984K, used 10703K [0x00000000e0000000, 0x00000000e3580000, 0x0000000100000000)
  eden space 31744K, 6% used [0x00000000e0000000,0x00000000e0207880,0x00000000e1f00000)
  from space 10240K, 84% used [0x00000000e2a00000,0x00000000e326c750,0x00000000e3400000)
  to   space 11264K, 0% used [0x00000000e1f00000,0x00000000e1f00000,0x00000000e2a00000)
 ParOldGen       total 87552K, used 6628K [0x00000000a0000000, 0x00000000a5580000, 0x00000000e0000000)
  object space 87552K, 7% used [0x00000000a0000000,0x00000000a0679210,0x00000000a5580000)
 Metaspace       used 20625K, capacity 21256K, committed 21296K, reserved 1067008K
  class space    used 2882K, capacity 3116K, committed 3120K, reserved 1048576K
Event: 65.537 GC heap after
Heap after GC invocations=7 (full 0):
 PSYoungGen      total 43008K, used 4052K [0x00000000e0000000, 0x00000000e5300000, 0x0000000100000000)
  eden space 31744K, 0% used [0x00000000e0000000,0x00000000e0000000,0x00000000e1f00000)
  from space 11264K, 35% used [0x00000000e1f00000,0x00000000e22f5040,0x00000000e2a00000)
  to   space 10752K, 0% used [0x00000000e4880000,0x00000000e4880000,0x00000000e5300000)
 ParOldGen       total 87552K, used 8868K [0x00000000a0000000, 0x00000000a5580000, 0x00000000e0000000)
  object space 87552K, 10% used [0x00000000a0000000,0x00000000a08a9260,0x00000000a5580000)
 Metaspace       used 20625K, capacity 21256K, committed 21296K, reserved 1067008K
  class space    used 2882K, capacity 3116K, committed 3120K, reserved 1048576K
}
Event: 65.537 GC heap before
{Heap before GC invocations=8 (full 1):
 PSYoungGen      total 43008K, used 4052K [0x00000000e0000000, 0x00000000e5300000, 0x0000000100000000)
  eden space 31744K, 0% used [0x00000000e0000000,0x00000000e0000000,0x00000000e1f00000)
  from space 11264K, 35% used [0x00000000e1f00000,0x00000000e22f5040,0x00000000e2a00000)
  to   space 10752K, 0% used [0x00000000e4880000,0x00000000e4880000,0x00000000e5300000)
 ParOldGen       total 87552K, used 8868K [0x00000000a0000000, 0x00000000a5580000, 0x00000000e0000000)
  object space 87552K, 10% used [0x00000000a0000000,0x00000000a08a9260,0x00000000a5580000)
 Metaspace       used 20625K, capacity 21256K, committed 21296K, reserved 1067008K
  class space    used 2882K, capacity 3116K, committed 3120K, reserved 1048576K
Event: 65.721 GC heap after
Heap after GC invocations=8 (full 1):
 PSYoungGen      total 43008K, used 0K [0x00000000e0000000, 0x00000000e5300000, 0x0000000100000000)
  eden space 31744K, 0% used [0x00000000e0000000,0x00000000e0000000,0x00000000e1f00000)
  from space 11264K, 0% used [0x00000000e1f00000,0x00000000e1f00000,0x00000000e2a00000)
  to   space 10752K, 0% used [0x00000000e4880000,0x00000000e4880000,0x00000000e5300000)
 ParOldGen       total 49664K, used 6920K [0x00000000a0000000, 0x00000000a3080000, 0x00000000e0000000)
  object space 49664K, 13% used [0x00000000a0000000,0x00000000a06c2208,0x00000000a3080000)
 Metaspace       used 20625K, capacity 21256K, committed 21296K, reserved 1067008K
  class space    used 2882K, capacity 3116K, committed 3120K, reserved 1048576K
}

