# JRE version: OpenJDK Runtime Environment (8.0_242-b01) (build 1.8.0_242-release-1644-b01)
# Java VM: OpenJDK 64-Bit Server VM (25.242-b01 mixed mode windows-amd64 compressed oops)
Heap:
 PSYoungGen      total 419328K, used 63680K [0x00000000e0000000, 0x00000000fff00000, 0x0000000100000000)
  eden space 387584K, 14% used [0x00000000e0000000,0x00000000e37da008,0x00000000f7a80000)
  from space 31744K, 20% used [0x00000000f7a80000,0x00000000f80d6270,0x00000000f9980000)
  to   space 30720K, 0% used [0x00000000fe100000,0x00000000fe100000,0x00000000fff00000)
 ParOldGen       total 185344K, used 72073K [0x00000000a0000000, 0x00000000ab500000, 0x00000000e0000000)
  object space 185344K, 38% used [0x00000000a0000000,0x00000000a4662478,0x00000000ab500000)
 Metaspace       used 89950K, capacity 94418K, committed 94744K, reserved 1130496K
  class space    used 11915K, capacity 12744K, committed 12840K, reserved 1048576K
GC Heap History (10 events):
Event: 66.721 GC heap before
{Heap before GC invocations=19 (full 3):
 PSYoungGen      total 281600K, used 281590K [0x00000000e0000000, 0x00000000f7780000, 0x0000000100000000)
  eden space 254464K, 100% used [0x00000000e0000000,0x00000000ef880000,0x00000000ef880000)
  from space 27136K, 99% used [0x00000000ef880000,0x00000000f12fdbc0,0x00000000f1300000)
  to   space 33280K, 0% used [0x00000000f5700000,0x00000000f5700000,0x00000000f7780000)
 ParOldGen       total 118784K, used 69803K [0x00000000a0000000, 0x00000000a7400000, 0x00000000e0000000)
  object space 118784K, 58% used [0x00000000a0000000,0x00000000a442afd8,0x00000000a7400000)
 Metaspace       used 88930K, capacity 93442K, committed 93592K, reserved 1130496K
  class space    used 11832K, capacity 12684K, committed 12712K, reserved 1048576K
Event: 66.855 GC heap after
Heap after GC invocations=19 (full 3):
 PSYoungGen      total 351744K, used 6949K [0x00000000e0000000, 0x00000000f9400000, 0x0000000100000000)
  eden space 318464K, 0% used [0x00000000e0000000,0x00000000e0000000,0x00000000f3700000)
  from space 33280K, 20% used [0x00000000f5700000,0x00000000f5dc9790,0x00000000f7780000)
  to   space 32768K, 0% used [0x00000000f3700000,0x00000000f3700000,0x00000000f5700000)
 ParOldGen       total 118784K, used 93961K [0x00000000a0000000, 0x00000000a7400000, 0x00000000e0000000)
  object space 118784K, 79% used [0x00000000a0000000,0x00000000a5bc2580,0x00000000a7400000)
 Metaspace       used 88930K, capacity 93442K, committed 93592K, reserved 1130496K
  class space    used 11832K, capacity 12684K, committed 12712K, reserved 1048576K
}
Event: 69.004 GC heap before
{Heap before GC invocations=20 (full 3):
 PSYoungGen      total 351744K, used 325413K [0x00000000e0000000, 0x00000000f9400000, 0x0000000100000000)
  eden space 318464K, 100% used [0x00000000e0000000,0x00000000f3700000,0x00000000f3700000)
  from space 33280K, 20% used [0x00000000f5700000,0x00000000f5dc9790,0x00000000f7780000)
  to   space 32768K, 0% used [0x00000000f3700000,0x00000000f3700000,0x00000000f5700000)
 ParOldGen       total 118784K, used 93961K [0x00000000a0000000, 0x00000000a7400000, 0x00000000e0000000)
  object space 118784K, 79% used [0x00000000a0000000,0x00000000a5bc2580,0x00000000a7400000)
 Metaspace       used 89117K, capacity 93694K, committed 93848K, reserved 1130496K
  class space    used 11855K, capacity 12696K, committed 12712K, reserved 1048576K
Event: 69.034 GC heap after
Heap after GC invocations=20 (full 3):
 PSYoungGen      total 351232K, used 4072K [0x00000000e0000000, 0x00000000fbe00000, 0x0000000100000000)
  eden space 318464K, 0% used [0x00000000e0000000,0x00000000e0000000,0x00000000f3700000)
  from space 32768K, 12% used [0x00000000f3700000,0x00000000f3afa2d8,0x00000000f5700000)
  to   space 32256K, 0% used [0x00000000f9e80000,0x00000000f9e80000,0x00000000fbe00000)
 ParOldGen       total 118784K, used 99809K [0x00000000a0000000, 0x00000000a7400000, 0x00000000e0000000)
  object space 118784K, 84% used [0x00000000a0000000,0x00000000a61784b0,0x00000000a7400000)
 Metaspace       used 89117K, capacity 93694K, committed 93848K, reserved 1130496K
  class space    used 11855K, capacity 12696K, committed 12712K, reserved 1048576K
}
Event: 70.781 GC heap before
{Heap before GC invocations=21 (full 3):
 PSYoungGen      total 351232K, used 322536K [0x00000000e0000000, 0x00000000fbe00000, 0x0000000100000000)
  eden space 318464K, 100% used [0x00000000e0000000,0x00000000f3700000,0x00000000f3700000)
  from space 32768K, 12% used [0x00000000f3700000,0x00000000f3afa2d8,0x00000000f5700000)
  to   space 32256K, 0% used [0x00000000f9e80000,0x00000000f9e80000,0x00000000fbe00000)
 ParOldGen       total 118784K, used 99809K [0x00000000a0000000, 0x00000000a7400000, 0x00000000e0000000)
  object space 118784K, 84% used [0x00000000a0000000,0x00000000a61784b0,0x00000000a7400000)
 Metaspace       used 89576K, capacity 94168K, committed 94488K, reserved 1130496K
  class space    used 11901K, capacity 12749K, committed 12840K, reserved 1048576K
Event: 70.801 GC heap after
Heap after GC invocations=21 (full 3):
 PSYoungGen      total 414208K, used 3723K [0x00000000e0000000, 0x00000000fb880000, 0x0000000100000000)
  eden space 387584K, 0% used [0x00000000e0000000,0x00000000e0000000,0x00000000f7a80000)
  from space 26624K, 13% used [0x00000000f9e80000,0x00000000fa222de8,0x00000000fb880000)
  to   space 31744K, 0% used [0x00000000f7a80000,0x00000000f7a80000,0x00000000f9980000)
 ParOldGen       total 118784K, used 103319K [0x00000000a0000000, 0x00000000a7400000, 0x00000000e0000000)
  object space 118784K, 86% used [0x00000000a0000000,0x00000000a64e5e30,0x00000000a7400000)
 Metaspace       used 89576K, capacity 94168K, committed 94488K, reserved 1130496K
  class space    used 11901K, capacity 12749K, committed 12840K, reserved 1048576K
}
Event: 70.801 GC heap before
{Heap before GC invocations=22 (full 4):
 PSYoungGen      total 414208K, used 3723K [0x00000000e0000000, 0x00000000fb880000, 0x0000000100000000)
  eden space 387584K, 0% used [0x00000000e0000000,0x00000000e0000000,0x00000000f7a80000)
  from space 26624K, 13% used [0x00000000f9e80000,0x00000000fa222de8,0x00000000fb880000)
  to   space 31744K, 0% used [0x00000000f7a80000,0x00000000f7a80000,0x00000000f9980000)
 ParOldGen       total 118784K, used 103319K [0x00000000a0000000, 0x00000000a7400000, 0x00000000e0000000)
  object space 118784K, 86% used [0x00000000a0000000,0x00000000a64e5e30,0x00000000a7400000)
 Metaspace       used 89576K, capacity 94168K, committed 94488K, reserved 1130496K
  class space    used 11901K, capacity 12749K, committed 12840K, reserved 1048576K
Event: 71.656 GC heap after
Heap after GC invocations=22 (full 4):
 PSYoungGen      total 414208K, used 0K [0x00000000e0000000, 0x00000000fb880000, 0x0000000100000000)
  eden space 387584K, 0% used [0x00000000e0000000,0x00000000e0000000,0x00000000f7a80000)
  from space 26624K, 0% used [0x00000000f9e80000,0x00000000f9e80000,0x00000000fb880000)
  to   space 31744K, 0% used [0x00000000f7a80000,0x00000000f7a80000,0x00000000f9980000)
 ParOldGen       total 185344K, used 72073K [0x00000000a0000000, 0x00000000ab500000, 0x00000000e0000000)
  object space 185344K, 38% used [0x00000000a0000000,0x00000000a4662478,0x00000000ab500000)
 Metaspace       used 89467K, capacity 93856K, committed 94488K, reserved 1130496K
  class space    used 11864K, capacity 12685K, committed 12840K, reserved 1048576K
}
Event: 76.789 GC heap before
{Heap before GC invocations=23 (full 4):
 PSYoungGen      total 414208K, used 387584K [0x00000000e0000000, 0x00000000fb880000, 0x0000000100000000)
  eden space 387584K, 100% used [0x00000000e0000000,0x00000000f7a80000,0x00000000f7a80000)
  from space 26624K, 0% used [0x00000000f9e80000,0x00000000f9e80000,0x00000000fb880000)
  to   space 31744K, 0% used [0x00000000f7a80000,0x00000000f7a80000,0x00000000f9980000)
 ParOldGen       total 185344K, used 72073K [0x00000000a0000000, 0x00000000ab500000, 0x00000000e0000000)
  object space 185344K, 38% used [0x00000000a0000000,0x00000000a4662478,0x00000000ab500000)
 Metaspace       used 89863K, capacity 94336K, committed 94744K, reserved 1130496K
  class space    used 11905K, capacity 12741K, committed 12840K, reserved 1048576K
Event: 76.811 GC heap after
Heap after GC invocations=23 (full 4):
 PSYoungGen      total 419328K, used 6488K [0x00000000e0000000, 0x00000000fff00000, 0x0000000100000000)
  eden space 387584K, 0% used [0x00000000e0000000,0x00000000e0000000,0x00000000f7a80000)
  from space 31744K, 20% used [0x00000000f7a80000,0x00000000f80d6270,0x00000000f9980000)
  to   space 30720K, 0% used [0x00000000fe100000,0x00000000fe100000,0x00000000fff00000)
 ParOldGen       total 185344K, used 72073K [0x00000000a0000000, 0x00000000ab500000, 0x00000000e0000000)
  object space 185344K, 38% used [0x00000000a0000000,0x00000000a4662478,0x00000000ab500000)
 Metaspace       used 89863K, capacity 94336K, committed 94744K, reserved 1130496K
  class space    used 11905K, capacity 12741K, committed 12840K, reserved 1048576K
}

