# JRE version: OpenJDK Runtime Environment (8.0_212-b04) (build 1.8.0_212-release-1586-b04)
# Java VM: OpenJDK 64-Bit Server VM (25.212-b04 mixed mode windows-amd64 compressed oops)
Heap:
 PSYoungGen      total 187392K, used 25199K [0x00000000e0000000, 0x00000000edf80000, 0x0000000100000000)
  eden space 159744K, 12% used [0x00000000e0000000,0x00000000e12d0a18,0x00000000e9c00000)
  from space 27648K, 21% used [0x00000000e9c00000,0x00000000ea1cb268,0x00000000eb700000)
  to   space 27648K, 0% used [0x00000000ec480000,0x00000000ec480000,0x00000000edf80000)
 ParOldGen       total 186880K, used 62343K [0x00000000a0000000, 0x00000000ab680000, 0x00000000e0000000)
  object space 186880K, 33% used [0x00000000a0000000,0x00000000a3ce1ef8,0x00000000ab680000)
 Metaspace       used 100947K, capacity 105126K, committed 106136K, reserved 1140736K
  class space    used 12879K, capacity 13689K, committed 13992K, reserved 1048576K
GC Heap History (10 events):
Event: 8537.043 GC heap before
{Heap before GC invocations=25 (full 3):
 PSYoungGen      total 186880K, used 186636K [0x00000000e0000000, 0x00000000ee400000, 0x0000000100000000)
  eden space 166912K, 100% used [0x00000000e0000000,0x00000000ea300000,0x00000000ea300000)
  from space 19968K, 98% used [0x00000000eb480000,0x00000000ec7c3210,0x00000000ec800000)
  to   space 27136K, 0% used [0x00000000ec980000,0x00000000ec980000,0x00000000ee400000)
 ParOldGen       total 118272K, used 68288K [0x00000000a0000000, 0x00000000a7380000, 0x00000000e0000000)
  object space 118272K, 57% used [0x00000000a0000000,0x00000000a42b0278,0x00000000a7380000)
 Metaspace       used 91834K, capacity 96090K, committed 96152K, reserved 1132544K
  class space    used 11798K, capacity 12682K, committed 12712K, reserved 1048576K
Event: 8537.215 GC heap after
Heap after GC invocations=25 (full 3):
 PSYoungGen      total 182784K, used 21031K [0x00000000e0000000, 0x00000000ede80000, 0x0000000100000000)
  eden space 161280K, 0% used [0x00000000e0000000,0x00000000e0000000,0x00000000e9d80000)
  from space 21504K, 97% used [0x00000000ec980000,0x00000000ede09f28,0x00000000ede80000)
  to   space 28672K, 0% used [0x00000000ea680000,0x00000000ea680000,0x00000000ec280000)
 ParOldGen       total 118272K, used 68296K [0x00000000a0000000, 0x00000000a7380000, 0x00000000e0000000)
  object space 118272K, 57% used [0x00000000a0000000,0x00000000a42b2278,0x00000000a7380000)
 Metaspace       used 91834K, capacity 96090K, committed 96152K, reserved 1132544K
  class space    used 11798K, capacity 12682K, committed 12712K, reserved 1048576K
}
Event: 8545.790 GC heap before
{Heap before GC invocations=26 (full 3):
 PSYoungGen      total 182784K, used 92318K [0x00000000e0000000, 0x00000000ede80000, 0x0000000100000000)
  eden space 161280K, 44% used [0x00000000e0000000,0x00000000e459dc08,0x00000000e9d80000)
  from space 21504K, 97% used [0x00000000ec980000,0x00000000ede09f28,0x00000000ede80000)
  to   space 28672K, 0% used [0x00000000ea680000,0x00000000ea680000,0x00000000ec280000)
 ParOldGen       total 118272K, used 68296K [0x00000000a0000000, 0x00000000a7380000, 0x00000000e0000000)
  object space 118272K, 57% used [0x00000000a0000000,0x00000000a42b2278,0x00000000a7380000)
 Metaspace       used 94027K, capacity 98430K, committed 98584K, reserved 1134592K
  class space    used 12064K, capacity 12970K, committed 13096K, reserved 1048576K
Event: 8545.848 GC heap after
Heap after GC invocations=26 (full 3):
 PSYoungGen      total 173056K, used 16563K [0x00000000e0000000, 0x00000000ecf80000, 0x0000000100000000)
  eden space 156160K, 0% used [0x00000000e0000000,0x00000000e0000000,0x00000000e9880000)
  from space 16896K, 98% used [0x00000000ea680000,0x00000000eb6acf80,0x00000000eb700000)
  to   space 25088K, 0% used [0x00000000eb700000,0x00000000eb700000,0x00000000ecf80000)
 ParOldGen       total 118272K, used 68312K [0x00000000a0000000, 0x00000000a7380000, 0x00000000e0000000)
  object space 118272K, 57% used [0x00000000a0000000,0x00000000a42b6278,0x00000000a7380000)
 Metaspace       used 94027K, capacity 98430K, committed 98584K, reserved 1134592K
  class space    used 12064K, capacity 12970K, committed 13096K, reserved 1048576K
}
Event: 8545.848 GC heap before
{Heap before GC invocations=27 (full 4):
 PSYoungGen      total 173056K, used 16563K [0x00000000e0000000, 0x00000000ecf80000, 0x0000000100000000)
  eden space 156160K, 0% used [0x00000000e0000000,0x00000000e0000000,0x00000000e9880000)
  from space 16896K, 98% used [0x00000000ea680000,0x00000000eb6acf80,0x00000000eb700000)
  to   space 25088K, 0% used [0x00000000eb700000,0x00000000eb700000,0x00000000ecf80000)
 ParOldGen       total 118272K, used 68312K [0x00000000a0000000, 0x00000000a7380000, 0x00000000e0000000)
  object space 118272K, 57% used [0x00000000a0000000,0x00000000a42b6278,0x00000000a7380000)
 Metaspace       used 94027K, capacity 98430K, committed 98584K, reserved 1134592K
  class space    used 12064K, capacity 12970K, committed 13096K, reserved 1048576K
Event: 8547.629 GC heap after
Heap after GC invocations=27 (full 4):
 PSYoungGen      total 173056K, used 0K [0x00000000e0000000, 0x00000000ecf80000, 0x0000000100000000)
  eden space 156160K, 0% used [0x00000000e0000000,0x00000000e0000000,0x00000000e9880000)
  from space 16896K, 0% used [0x00000000ea680000,0x00000000ea680000,0x00000000eb700000)
  to   space 25088K, 0% used [0x00000000eb700000,0x00000000eb700000,0x00000000ecf80000)
 ParOldGen       total 186880K, used 62327K [0x00000000a0000000, 0x00000000ab680000, 0x00000000e0000000)
  object space 186880K, 33% used [0x00000000a0000000,0x00000000a3cddef8,0x00000000ab680000)
 Metaspace       used 92676K, capacity 95924K, committed 98584K, reserved 1134592K
  class space    used 11773K, capacity 12452K, committed 13096K, reserved 1048576K
}
Event: 8559.639 GC heap before
{Heap before GC invocations=28 (full 4):
 PSYoungGen      total 173056K, used 156160K [0x00000000e0000000, 0x00000000ecf80000, 0x0000000100000000)
  eden space 156160K, 100% used [0x00000000e0000000,0x00000000e9880000,0x00000000e9880000)
  from space 16896K, 0% used [0x00000000ea680000,0x00000000ea680000,0x00000000eb700000)
  to   space 25088K, 0% used [0x00000000eb700000,0x00000000eb700000,0x00000000ecf80000)
 ParOldGen       total 186880K, used 62327K [0x00000000a0000000, 0x00000000ab680000, 0x00000000e0000000)
  object space 186880K, 33% used [0x00000000a0000000,0x00000000a3cddef8,0x00000000ab680000)
 Metaspace       used 100068K, capacity 104170K, committed 105368K, reserved 1140736K
  class space    used 12851K, capacity 13683K, committed 13992K, reserved 1048576K
Event: 8559.670 GC heap after
Heap after GC invocations=28 (full 4):
 PSYoungGen      total 184832K, used 10467K [0x00000000e0000000, 0x00000000edc80000, 0x0000000100000000)
  eden space 159744K, 0% used [0x00000000e0000000,0x00000000e0000000,0x00000000e9c00000)
  from space 25088K, 41% used [0x00000000eb700000,0x00000000ec138f98,0x00000000ecf80000)
  to   space 27648K, 0% used [0x00000000e9c00000,0x00000000e9c00000,0x00000000eb700000)
 ParOldGen       total 186880K, used 62335K [0x00000000a0000000, 0x00000000ab680000, 0x00000000e0000000)
  object space 186880K, 33% used [0x00000000a0000000,0x00000000a3cdfef8,0x00000000ab680000)
 Metaspace       used 100068K, capacity 104170K, committed 105368K, reserved 1140736K
  class space    used 12851K, capacity 13683K, committed 13992K, reserved 1048576K
}
Event: 8564.645 GC heap before
{Heap before GC invocations=29 (full 4):
 PSYoungGen      total 184832K, used 170211K [0x00000000e0000000, 0x00000000edc80000, 0x0000000100000000)
  eden space 159744K, 100% used [0x00000000e0000000,0x00000000e9c00000,0x00000000e9c00000)
  from space 25088K, 41% used [0x00000000eb700000,0x00000000ec138f98,0x00000000ecf80000)
  to   space 27648K, 0% used [0x00000000e9c00000,0x00000000e9c00000,0x00000000eb700000)
 ParOldGen       total 186880K, used 62335K [0x00000000a0000000, 0x00000000ab680000, 0x00000000e0000000)
  object space 186880K, 33% used [0x00000000a0000000,0x00000000a3cdfef8,0x00000000ab680000)
 Metaspace       used 100921K, capacity 105122K, committed 106136K, reserved 1140736K
  class space    used 12879K, capacity 13689K, committed 13992K, reserved 1048576K
Event: 8564.693 GC heap after
Heap after GC invocations=29 (full 4):
 PSYoungGen      total 187392K, used 5932K [0x00000000e0000000, 0x00000000edf80000, 0x0000000100000000)
  eden space 159744K, 0% used [0x00000000e0000000,0x00000000e0000000,0x00000000e9c00000)
  from space 27648K, 21% used [0x00000000e9c00000,0x00000000ea1cb268,0x00000000eb700000)
  to   space 27648K, 0% used [0x00000000ec480000,0x00000000ec480000,0x00000000edf80000)
 ParOldGen       total 186880K, used 62343K [0x00000000a0000000, 0x00000000ab680000, 0x00000000e0000000)
  object space 186880K, 33% used [0x00000000a0000000,0x00000000a3ce1ef8,0x00000000ab680000)
 Metaspace       used 100921K, capacity 105122K, committed 106136K, reserved 1140736K
  class space    used 12879K, capacity 13689K, committed 13992K, reserved 1048576K
}

