# JRE version: OpenJDK Runtime Environment (8.0_242-b01) (build 1.8.0_242-release-1644-b01)
# Java VM: OpenJDK 64-Bit Server VM (25.242-b01 mixed mode windows-amd64 compressed oops)
Heap:
 PSYoungGen      total 246272K, used 22677K [0x00000000e0000000, 0x00000000f2800000, 0x0000000100000000)
  eden space 224256K, 10% used [0x00000000e0000000,0x00000000e16254b8,0x00000000edb00000)
  from space 22016K, 0% used [0x00000000ef100000,0x00000000ef100000,0x00000000f0680000)
  to   space 22528K, 0% used [0x00000000edb00000,0x00000000edb00000,0x00000000ef100000)
 ParOldGen       total 73728K, used 30649K [0x00000000a0000000, 0x00000000a4800000, 0x00000000e0000000)
  object space 73728K, 41% used [0x00000000a0000000,0x00000000a1dee6d8,0x00000000a4800000)
 Metaspace       used 58166K, capacity 60322K, committed 60592K, reserved 1101824K
  class space    used 8021K, capacity 8525K, committed 8624K, reserved 1048576K
GC Heap History (10 events):
Event: 16.336 GC heap before
{Heap before GC invocations=11 (full 2):
 PSYoungGen      total 139264K, used 11258K [0x00000000e0000000, 0x00000000ebd80000, 0x0000000100000000)
  eden space 128000K, 0% used [0x00000000e0000000,0x00000000e0000000,0x00000000e7d00000)
  from space 11264K, 99% used [0x00000000e7d00000,0x00000000e87fe9f8,0x00000000e8800000)
  to   space 12800K, 0% used [0x00000000eb100000,0x00000000eb100000,0x00000000ebd80000)
 ParOldGen       total 50688K, used 7405K [0x00000000a0000000, 0x00000000a3180000, 0x00000000e0000000)
  object space 50688K, 14% used [0x00000000a0000000,0x00000000a073b7d8,0x00000000a3180000)
 Metaspace       used 34586K, capacity 35426K, committed 35496K, reserved 1079296K
  class space    used 4744K, capacity 5002K, committed 5040K, reserved 1048576K
Event: 16.446 GC heap after
Heap after GC invocations=11 (full 2):
 PSYoungGen      total 139264K, used 0K [0x00000000e0000000, 0x00000000ebd80000, 0x0000000100000000)
  eden space 128000K, 0% used [0x00000000e0000000,0x00000000e0000000,0x00000000e7d00000)
  from space 11264K, 0% used [0x00000000e7d00000,0x00000000e7d00000,0x00000000e8800000)
  to   space 12800K, 0% used [0x00000000eb100000,0x00000000eb100000,0x00000000ebd80000)
 ParOldGen       total 73728K, used 18035K [0x00000000a0000000, 0x00000000a4800000, 0x00000000e0000000)
  object space 73728K, 24% used [0x00000000a0000000,0x00000000a119cfc8,0x00000000a4800000)
 Metaspace       used 34586K, capacity 35426K, committed 35496K, reserved 1079296K
  class space    used 4744K, capacity 5002K, committed 5040K, reserved 1048576K
}
Event: 25.850 GC heap before
{Heap before GC invocations=12 (full 2):
 PSYoungGen      total 139264K, used 128000K [0x00000000e0000000, 0x00000000ebd80000, 0x0000000100000000)
  eden space 128000K, 100% used [0x00000000e0000000,0x00000000e7d00000,0x00000000e7d00000)
  from space 11264K, 0% used [0x00000000e7d00000,0x00000000e7d00000,0x00000000e8800000)
  to   space 12800K, 0% used [0x00000000eb100000,0x00000000eb100000,0x00000000ebd80000)
 ParOldGen       total 73728K, used 18035K [0x00000000a0000000, 0x00000000a4800000, 0x00000000e0000000)
  object space 73728K, 24% used [0x00000000a0000000,0x00000000a119cfc8,0x00000000a4800000)
 Metaspace       used 45337K, capacity 46776K, committed 47024K, reserved 1089536K
  class space    used 6136K, capacity 6526K, committed 6576K, reserved 1048576K
Event: 25.889 GC heap after
Heap after GC invocations=12 (full 2):
 PSYoungGen      total 178176K, used 12796K [0x00000000e0000000, 0x00000000ecc80000, 0x0000000100000000)
  eden space 165376K, 0% used [0x00000000e0000000,0x00000000e0000000,0x00000000ea180000)
  from space 12800K, 99% used [0x00000000eb100000,0x00000000ebd7f320,0x00000000ebd80000)
  to   space 15872K, 0% used [0x00000000ea180000,0x00000000ea180000,0x00000000eb100000)
 ParOldGen       total 73728K, used 21364K [0x00000000a0000000, 0x00000000a4800000, 0x00000000e0000000)
  object space 73728K, 28% used [0x00000000a0000000,0x00000000a14dd258,0x00000000a4800000)
 Metaspace       used 45337K, capacity 46776K, committed 47024K, reserved 1089536K
  class space    used 6136K, capacity 6526K, committed 6576K, reserved 1048576K
}
Event: 32.381 GC heap before
{Heap before GC invocations=13 (full 2):
 PSYoungGen      total 178176K, used 178172K [0x00000000e0000000, 0x00000000ecc80000, 0x0000000100000000)
  eden space 165376K, 100% used [0x00000000e0000000,0x00000000ea180000,0x00000000ea180000)
  from space 12800K, 99% used [0x00000000eb100000,0x00000000ebd7f320,0x00000000ebd80000)
  to   space 15872K, 0% used [0x00000000ea180000,0x00000000ea180000,0x00000000eb100000)
 ParOldGen       total 73728K, used 21364K [0x00000000a0000000, 0x00000000a4800000, 0x00000000e0000000)
  object space 73728K, 28% used [0x00000000a0000000,0x00000000a14dd258,0x00000000a4800000)
 Metaspace       used 56972K, capacity 59048K, committed 59160K, reserved 1099776K
  class space    used 7826K, capacity 8306K, committed 8368K, reserved 1048576K
Event: 32.426 GC heap after
Heap after GC invocations=13 (full 2):
 PSYoungGen      total 181248K, used 15864K [0x00000000e0000000, 0x00000000f0680000, 0x0000000100000000)
  eden space 165376K, 0% used [0x00000000e0000000,0x00000000e0000000,0x00000000ea180000)
  from space 15872K, 99% used [0x00000000ea180000,0x00000000eb0fe108,0x00000000eb100000)
  to   space 22016K, 0% used [0x00000000ef100000,0x00000000ef100000,0x00000000f0680000)
 ParOldGen       total 73728K, used 32414K [0x00000000a0000000, 0x00000000a4800000, 0x00000000e0000000)
  object space 73728K, 43% used [0x00000000a0000000,0x00000000a1fa7b48,0x00000000a4800000)
 Metaspace       used 56972K, capacity 59048K, committed 59160K, reserved 1099776K
  class space    used 7826K, capacity 8306K, committed 8368K, reserved 1048576K
}
Event: 32.432 GC heap before
{Heap before GC invocations=14 (full 2):
 PSYoungGen      total 181248K, used 19040K [0x00000000e0000000, 0x00000000f0680000, 0x0000000100000000)
  eden space 165376K, 1% used [0x00000000e0000000,0x00000000e031a250,0x00000000ea180000)
  from space 15872K, 99% used [0x00000000ea180000,0x00000000eb0fe108,0x00000000eb100000)
  to   space 22016K, 0% used [0x00000000ef100000,0x00000000ef100000,0x00000000f0680000)
 ParOldGen       total 73728K, used 32414K [0x00000000a0000000, 0x00000000a4800000, 0x00000000e0000000)
  object space 73728K, 43% used [0x00000000a0000000,0x00000000a1fa7b48,0x00000000a4800000)
 Metaspace       used 56989K, capacity 59048K, committed 59160K, reserved 1099776K
  class space    used 7828K, capacity 8306K, committed 8368K, reserved 1048576K
Event: 32.446 GC heap after
Heap after GC invocations=14 (full 2):
 PSYoungGen      total 246272K, used 160K [0x00000000e0000000, 0x00000000f2800000, 0x0000000100000000)
  eden space 224256K, 0% used [0x00000000e0000000,0x00000000e0000000,0x00000000edb00000)
  from space 22016K, 0% used [0x00000000ef100000,0x00000000ef128000,0x00000000f0680000)
  to   space 22528K, 0% used [0x00000000edb00000,0x00000000edb00000,0x00000000ef100000)
 ParOldGen       total 73728K, used 42159K [0x00000000a0000000, 0x00000000a4800000, 0x00000000e0000000)
  object space 73728K, 57% used [0x00000000a0000000,0x00000000a292bff8,0x00000000a4800000)
 Metaspace       used 56989K, capacity 59048K, committed 59160K, reserved 1099776K
  class space    used 7828K, capacity 8306K, committed 8368K, reserved 1048576K
}
Event: 32.446 GC heap before
{Heap before GC invocations=15 (full 3):
 PSYoungGen      total 246272K, used 160K [0x00000000e0000000, 0x00000000f2800000, 0x0000000100000000)
  eden space 224256K, 0% used [0x00000000e0000000,0x00000000e0000000,0x00000000edb00000)
  from space 22016K, 0% used [0x00000000ef100000,0x00000000ef128000,0x00000000f0680000)
  to   space 22528K, 0% used [0x00000000edb00000,0x00000000edb00000,0x00000000ef100000)
 ParOldGen       total 73728K, used 42159K [0x00000000a0000000, 0x00000000a4800000, 0x00000000e0000000)
  object space 73728K, 57% used [0x00000000a0000000,0x00000000a292bff8,0x00000000a4800000)
 Metaspace       used 56989K, capacity 59048K, committed 59160K, reserved 1099776K
  class space    used 7828K, capacity 8306K, committed 8368K, reserved 1048576K
Event: 32.780 GC heap after
Heap after GC invocations=15 (full 3):
 PSYoungGen      total 246272K, used 0K [0x00000000e0000000, 0x00000000f2800000, 0x0000000100000000)
  eden space 224256K, 0% used [0x00000000e0000000,0x00000000e0000000,0x00000000edb00000)
  from space 22016K, 0% used [0x00000000ef100000,0x00000000ef100000,0x00000000f0680000)
  to   space 22528K, 0% used [0x00000000edb00000,0x00000000edb00000,0x00000000ef100000)
 ParOldGen       total 73728K, used 30649K [0x00000000a0000000, 0x00000000a4800000, 0x00000000e0000000)
  object space 73728K, 41% used [0x00000000a0000000,0x00000000a1dee6d8,0x00000000a4800000)
 Metaspace       used 56980K, capacity 59018K, committed 59160K, reserved 1099776K
  class space    used 7825K, capacity 8301K, committed 8368K, reserved 1048576K
}

