# JRE version: OpenJDK Runtime Environment (8.0_242-b01) (build 1.8.0_242-release-1644-b01)
# Java VM: OpenJDK 64-Bit Server VM (25.242-b01 mixed mode windows-amd64 compressed oops)
Heap:
 PSYoungGen      total 134144K, used 69355K [0x00000000e0000000, 0x00000000e9380000, 0x0000000100000000)
  eden space 125440K, 48% used [0x00000000e0000000,0x00000000e3bb33e0,0x00000000e7a80000)
  from space 8704K, 94% used [0x00000000e8b00000,0x00000000e9307b28,0x00000000e9380000)
  to   space 11264K, 0% used [0x00000000e7d80000,0x00000000e7d80000,0x00000000e8880000)
 ParOldGen       total 47104K, used 6961K [0x00000000a0000000, 0x00000000a2e00000, 0x00000000e0000000)
  object space 47104K, 14% used [0x00000000a0000000,0x00000000a06cc580,0x00000000a2e00000)
 Metaspace       used 32022K, capacity 32844K, committed 33072K, reserved 1077248K
  class space    used 4357K, capacity 4606K, committed 4656K, reserved 1048576K
GC Heap History (10 events):
Event: 8.868 GC heap before
{Heap before GC invocations=5 (full 0):
 PSYoungGen      total 38400K, used 38395K [0x00000000e0000000, 0x00000000e2a80000, 0x0000000100000000)
  eden space 33280K, 100% used [0x00000000e0000000,0x00000000e2080000,0x00000000e2080000)
  from space 5120K, 99% used [0x00000000e2580000,0x00000000e2a7efb8,0x00000000e2a80000)
  to   space 5120K, 0% used [0x00000000e2080000,0x00000000e2080000,0x00000000e2580000)
 ParOldGen       total 87552K, used 3158K [0x00000000a0000000, 0x00000000a5580000, 0x00000000e0000000)
  object space 87552K, 3% used [0x00000000a0000000,0x00000000a03158f8,0x00000000a5580000)
 Metaspace       used 17826K, capacity 18330K, committed 18560K, reserved 1064960K
  class space    used 2425K, capacity 2603K, committed 2688K, reserved 1048576K
Event: 8.891 GC heap after
Heap after GC invocations=5 (full 0):
 PSYoungGen      total 38400K, used 5104K [0x00000000e0000000, 0x00000000e5500000, 0x0000000100000000)
  eden space 33280K, 0% used [0x00000000e0000000,0x00000000e0000000,0x00000000e2080000)
  from space 5120K, 99% used [0x00000000e2080000,0x00000000e257c010,0x00000000e2580000)
  to   space 10240K, 0% used [0x00000000e4b00000,0x00000000e4b00000,0x00000000e5500000)
 ParOldGen       total 87552K, used 6503K [0x00000000a0000000, 0x00000000a5580000, 0x00000000e0000000)
  object space 87552K, 7% used [0x00000000a0000000,0x00000000a0659d68,0x00000000a5580000)
 Metaspace       used 17826K, capacity 18330K, committed 18560K, reserved 1064960K
  class space    used 2425K, capacity 2603K, committed 2688K, reserved 1048576K
}
Event: 11.033 GC heap before
{Heap before GC invocations=6 (full 0):
 PSYoungGen      total 38400K, used 38384K [0x00000000e0000000, 0x00000000e5500000, 0x0000000100000000)
  eden space 33280K, 100% used [0x00000000e0000000,0x00000000e2080000,0x00000000e2080000)
  from space 5120K, 99% used [0x00000000e2080000,0x00000000e257c010,0x00000000e2580000)
  to   space 10240K, 0% used [0x00000000e4b00000,0x00000000e4b00000,0x00000000e5500000)
 ParOldGen       total 87552K, used 6503K [0x00000000a0000000, 0x00000000a5580000, 0x00000000e0000000)
  object space 87552K, 7% used [0x00000000a0000000,0x00000000a0659d68,0x00000000a5580000)
 Metaspace       used 20517K, capacity 21192K, committed 21248K, reserved 1067008K
  class space    used 2864K, capacity 3052K, committed 3072K, reserved 1048576K
Event: 11.061 GC heap after
Heap after GC invocations=6 (full 0):
 PSYoungGen      total 75776K, used 8638K [0x00000000e0000000, 0x00000000e5700000, 0x0000000100000000)
  eden space 65536K, 0% used [0x00000000e0000000,0x00000000e0000000,0x00000000e4000000)
  from space 10240K, 84% used [0x00000000e4b00000,0x00000000e536fb68,0x00000000e5500000)
  to   space 11264K, 0% used [0x00000000e4000000,0x00000000e4000000,0x00000000e4b00000)
 ParOldGen       total 87552K, used 6511K [0x00000000a0000000, 0x00000000a5580000, 0x00000000e0000000)
  object space 87552K, 7% used [0x00000000a0000000,0x00000000a065bd68,0x00000000a5580000)
 Metaspace       used 20517K, capacity 21192K, committed 21248K, reserved 1067008K
  class space    used 2864K, capacity 3052K, committed 3072K, reserved 1048576K
}
Event: 11.094 GC heap before
{Heap before GC invocations=7 (full 0):
 PSYoungGen      total 75776K, used 10866K [0x00000000e0000000, 0x00000000e5700000, 0x0000000100000000)
  eden space 65536K, 3% used [0x00000000e0000000,0x00000000e022ccd8,0x00000000e4000000)
  from space 10240K, 84% used [0x00000000e4b00000,0x00000000e536fb68,0x00000000e5500000)
  to   space 11264K, 0% used [0x00000000e4000000,0x00000000e4000000,0x00000000e4b00000)
 ParOldGen       total 87552K, used 6511K [0x00000000a0000000, 0x00000000a5580000, 0x00000000e0000000)
  object space 87552K, 7% used [0x00000000a0000000,0x00000000a065bd68,0x00000000a5580000)
 Metaspace       used 20604K, capacity 21224K, committed 21296K, reserved 1067008K
  class space    used 2875K, capacity 3084K, committed 3120K, reserved 1048576K
Event: 11.110 GC heap after
Heap after GC invocations=7 (full 0):
 PSYoungGen      total 76800K, used 3920K [0x00000000e0000000, 0x00000000e9600000, 0x0000000100000000)
  eden space 65536K, 0% used [0x00000000e0000000,0x00000000e0000000,0x00000000e4000000)
  from space 11264K, 34% used [0x00000000e4000000,0x00000000e43d4040,0x00000000e4b00000)
  to   space 11264K, 0% used [0x00000000e8b00000,0x00000000e8b00000,0x00000000e9600000)
 ParOldGen       total 87552K, used 8895K [0x00000000a0000000, 0x00000000a5580000, 0x00000000e0000000)
  object space 87552K, 10% used [0x00000000a0000000,0x00000000a08afdb8,0x00000000a5580000)
 Metaspace       used 20604K, capacity 21224K, committed 21296K, reserved 1067008K
  class space    used 2875K, capacity 3084K, committed 3120K, reserved 1048576K
}
Event: 11.110 GC heap before
{Heap before GC invocations=8 (full 1):
 PSYoungGen      total 76800K, used 3920K [0x00000000e0000000, 0x00000000e9600000, 0x0000000100000000)
  eden space 65536K, 0% used [0x00000000e0000000,0x00000000e0000000,0x00000000e4000000)
  from space 11264K, 34% used [0x00000000e4000000,0x00000000e43d4040,0x00000000e4b00000)
  to   space 11264K, 0% used [0x00000000e8b00000,0x00000000e8b00000,0x00000000e9600000)
 ParOldGen       total 87552K, used 8895K [0x00000000a0000000, 0x00000000a5580000, 0x00000000e0000000)
  object space 87552K, 10% used [0x00000000a0000000,0x00000000a08afdb8,0x00000000a5580000)
 Metaspace       used 20604K, capacity 21224K, committed 21296K, reserved 1067008K
  class space    used 2875K, capacity 3084K, committed 3120K, reserved 1048576K
Event: 11.180 GC heap after
Heap after GC invocations=8 (full 1):
 PSYoungGen      total 76800K, used 0K [0x00000000e0000000, 0x00000000e9600000, 0x0000000100000000)
  eden space 65536K, 0% used [0x00000000e0000000,0x00000000e0000000,0x00000000e4000000)
  from space 11264K, 0% used [0x00000000e4000000,0x00000000e4000000,0x00000000e4b00000)
  to   space 11264K, 0% used [0x00000000e8b00000,0x00000000e8b00000,0x00000000e9600000)
 ParOldGen       total 47104K, used 6953K [0x00000000a0000000, 0x00000000a2e00000, 0x00000000e0000000)
  object space 47104K, 14% used [0x00000000a0000000,0x00000000a06ca580,0x00000000a2e00000)
 Metaspace       used 20604K, capacity 21224K, committed 21296K, reserved 1067008K
  class space    used 2875K, capacity 3084K, committed 3120K, reserved 1048576K
}
Event: 14.449 GC heap before
{Heap before GC invocations=9 (full 1):
 PSYoungGen      total 76800K, used 65536K [0x00000000e0000000, 0x00000000e9600000, 0x0000000100000000)
  eden space 65536K, 100% used [0x00000000e0000000,0x00000000e4000000,0x00000000e4000000)
  from space 11264K, 0% used [0x00000000e4000000,0x00000000e4000000,0x00000000e4b00000)
  to   space 11264K, 0% used [0x00000000e8b00000,0x00000000e8b00000,0x00000000e9600000)
 ParOldGen       total 47104K, used 6953K [0x00000000a0000000, 0x00000000a2e00000, 0x00000000e0000000)
  object space 47104K, 14% used [0x00000000a0000000,0x00000000a06ca580,0x00000000a2e00000)
 Metaspace       used 28258K, capacity 28912K, committed 29232K, reserved 1075200K
  class space    used 3891K, capacity 4127K, committed 4144K, reserved 1048576K
Event: 14.460 GC heap after
Heap after GC invocations=9 (full 1):
 PSYoungGen      total 134144K, used 8222K [0x00000000e0000000, 0x00000000e9380000, 0x0000000100000000)
  eden space 125440K, 0% used [0x00000000e0000000,0x00000000e0000000,0x00000000e7a80000)
  from space 8704K, 94% used [0x00000000e8b00000,0x00000000e9307b28,0x00000000e9380000)
  to   space 11264K, 0% used [0x00000000e7d80000,0x00000000e7d80000,0x00000000e8880000)
 ParOldGen       total 47104K, used 6961K [0x00000000a0000000, 0x00000000a2e00000, 0x00000000e0000000)
  object space 47104K, 14% used [0x00000000a0000000,0x00000000a06cc580,0x00000000a2e00000)
 Metaspace       used 28258K, capacity 28912K, committed 29232K, reserved 1075200K
  class space    used 3891K, capacity 4127K, committed 4144K, reserved 1048576K
}

