# JRE version: OpenJDK Runtime Environment (8.0_212-b04) (build 1.8.0_212-release-1586-b04)
# Java VM: OpenJDK 64-Bit Server VM (25.212-b04 mixed mode windows-amd64 compressed oops)
Heap:
 PSYoungGen      total 441344K, used 277201K [0x00000000e0000000, 0x00000000fff80000, 0x0000000100000000)
  eden space 358400K, 71% used [0x00000000e0000000,0x00000000efa04e00,0x00000000f5e00000)
  from space 82944K, 25% used [0x00000000f5e00000,0x00000000f72af6f0,0x00000000faf00000)
  to   space 79872K, 0% used [0x00000000fb180000,0x00000000fb180000,0x00000000fff80000)
 ParOldGen       total 318464K, used 131325K [0x00000000a0000000, 0x00000000b3700000, 0x00000000e0000000)
  object space 318464K, 41% used [0x00000000a0000000,0x00000000a803f5e0,0x00000000b3700000)
 Metaspace       used 110409K, capacity 117612K, committed 119360K, reserved 1153024K
  class space    used 13986K, capacity 15250K, committed 15704K, reserved 1048576K
GC Heap History (10 events):
Event: 11343.084 GC heap before
{Heap before GC invocations=40 (full 4):
 PSYoungGen      total 478720K, used 478690K [0x00000000e0000000, 0x0000000100000000, 0x0000000100000000)
  eden space 435200K, 100% used [0x00000000e0000000,0x00000000fa900000,0x00000000fa900000)
  from space 43520K, 99% used [0x00000000fa900000,0x00000000fd378980,0x00000000fd380000)
  to   space 45568K, 0% used [0x00000000fd380000,0x00000000fd380000,0x0000000100000000)
 ParOldGen       total 224256K, used 167964K [0x00000000a0000000, 0x00000000adb00000, 0x00000000e0000000)
  object space 224256K, 74% used [0x00000000a0000000,0x00000000aa407260,0x00000000adb00000)
 Metaspace       used 110978K, capacity 119010K, committed 119104K, reserved 1153024K
  class space    used 14164K, capacity 15612K, committed 15704K, reserved 1048576K
Event: 11343.221 GC heap after
Heap after GC invocations=40 (full 4):
 PSYoungGen      total 420352K, used 45564K [0x00000000e0000000, 0x0000000100000000, 0x0000000100000000)
  eden space 374784K, 0% used [0x00000000e0000000,0x00000000e0000000,0x00000000f6e00000)
  from space 45568K, 99% used [0x00000000fd380000,0x00000000fffff1f8,0x0000000100000000)
  to   space 74752K, 0% used [0x00000000f6e00000,0x00000000f6e00000,0x00000000fb700000)
 ParOldGen       total 224256K, used 207334K [0x00000000a0000000, 0x00000000adb00000, 0x00000000e0000000)
  object space 224256K, 92% used [0x00000000a0000000,0x00000000aca79a58,0x00000000adb00000)
 Metaspace       used 110978K, capacity 119010K, committed 119104K, reserved 1153024K
  class space    used 14164K, capacity 15612K, committed 15704K, reserved 1048576K
}
Event: 11343.221 GC heap before
{Heap before GC invocations=41 (full 5):
 PSYoungGen      total 420352K, used 45564K [0x00000000e0000000, 0x0000000100000000, 0x0000000100000000)
  eden space 374784K, 0% used [0x00000000e0000000,0x00000000e0000000,0x00000000f6e00000)
  from space 45568K, 99% used [0x00000000fd380000,0x00000000fffff1f8,0x0000000100000000)
  to   space 74752K, 0% used [0x00000000f6e00000,0x00000000f6e00000,0x00000000fb700000)
 ParOldGen       total 224256K, used 207334K [0x00000000a0000000, 0x00000000adb00000, 0x00000000e0000000)
  object space 224256K, 92% used [0x00000000a0000000,0x00000000aca79a58,0x00000000adb00000)
 Metaspace       used 110978K, capacity 119010K, committed 119104K, reserved 1153024K
  class space    used 14164K, capacity 15612K, committed 15704K, reserved 1048576K
Event: 11351.937 GC heap after
Heap after GC invocations=41 (full 5):
 PSYoungGen      total 420352K, used 0K [0x00000000e0000000, 0x0000000100000000, 0x0000000100000000)
  eden space 374784K, 0% used [0x00000000e0000000,0x00000000e0000000,0x00000000f6e00000)
  from space 45568K, 0% used [0x00000000fd380000,0x00000000fd380000,0x0000000100000000)
  to   space 74752K, 0% used [0x00000000f6e00000,0x00000000f6e00000,0x00000000fb700000)
 ParOldGen       total 318464K, used 126529K [0x00000000a0000000, 0x00000000b3700000, 0x00000000e0000000)
  object space 318464K, 39% used [0x00000000a0000000,0x00000000a7b906e0,0x00000000b3700000)
 Metaspace       used 109889K, capacity 117066K, committed 119104K, reserved 1153024K
  class space    used 13964K, capacity 15215K, committed 15704K, reserved 1048576K
}
Event: 12671.441 GC heap before
{Heap before GC invocations=42 (full 5):
 PSYoungGen      total 420352K, used 374784K [0x00000000e0000000, 0x0000000100000000, 0x0000000100000000)
  eden space 374784K, 100% used [0x00000000e0000000,0x00000000f6e00000,0x00000000f6e00000)
  from space 45568K, 0% used [0x00000000fd380000,0x00000000fd380000,0x0000000100000000)
  to   space 74752K, 0% used [0x00000000f6e00000,0x00000000f6e00000,0x00000000fb700000)
 ParOldGen       total 318464K, used 126529K [0x00000000a0000000, 0x00000000b3700000, 0x00000000e0000000)
  object space 318464K, 39% used [0x00000000a0000000,0x00000000a7b906e0,0x00000000b3700000)
 Metaspace       used 109990K, capacity 117236K, committed 119104K, reserved 1153024K
  class space    used 13968K, capacity 15220K, committed 15704K, reserved 1048576K
Event: 12671.560 GC heap after
Heap after GC invocations=42 (full 5):
 PSYoungGen      total 446976K, used 71705K [0x00000000e0000000, 0x0000000100000000, 0x0000000100000000)
  eden space 374784K, 0% used [0x00000000e0000000,0x00000000e0000000,0x00000000f6e00000)
  from space 72192K, 99% used [0x00000000f6e00000,0x00000000fb406598,0x00000000fb480000)
  to   space 77312K, 0% used [0x00000000fb480000,0x00000000fb480000,0x0000000100000000)
 ParOldGen       total 318464K, used 131309K [0x00000000a0000000, 0x00000000b3700000, 0x00000000e0000000)
  object space 318464K, 41% used [0x00000000a0000000,0x00000000a803b5e0,0x00000000b3700000)
 Metaspace       used 109990K, capacity 117236K, committed 119104K, reserved 1153024K
  class space    used 13968K, capacity 15220K, committed 15704K, reserved 1048576K
}
Event: 16335.369 GC heap before
{Heap before GC invocations=43 (full 5):
 PSYoungGen      total 446976K, used 446489K [0x00000000e0000000, 0x0000000100000000, 0x0000000100000000)
  eden space 374784K, 100% used [0x00000000e0000000,0x00000000f6e00000,0x00000000f6e00000)
  from space 72192K, 99% used [0x00000000f6e00000,0x00000000fb406598,0x00000000fb480000)
  to   space 77312K, 0% used [0x00000000fb480000,0x00000000fb480000,0x0000000100000000)
 ParOldGen       total 318464K, used 131309K [0x00000000a0000000, 0x00000000b3700000, 0x00000000e0000000)
  object space 318464K, 41% used [0x00000000a0000000,0x00000000a803b5e0,0x00000000b3700000)
 Metaspace       used 110168K, capacity 117320K, committed 119104K, reserved 1153024K
  class space    used 13976K, capacity 15234K, committed 15704K, reserved 1048576K
Event: 16335.511 GC heap after
Heap after GC invocations=43 (full 5):
 PSYoungGen      total 435712K, used 21747K [0x00000000e0000000, 0x0000000100000000, 0x0000000100000000)
  eden space 358400K, 0% used [0x00000000e0000000,0x00000000e0000000,0x00000000f5e00000)
  from space 77312K, 28% used [0x00000000fb480000,0x00000000fc9bceb8,0x0000000100000000)
  to   space 82944K, 0% used [0x00000000f5e00000,0x00000000f5e00000,0x00000000faf00000)
 ParOldGen       total 318464K, used 131317K [0x00000000a0000000, 0x00000000b3700000, 0x00000000e0000000)
  object space 318464K, 41% used [0x00000000a0000000,0x00000000a803d5e0,0x00000000b3700000)
 Metaspace       used 110168K, capacity 117320K, committed 119104K, reserved 1153024K
  class space    used 13976K, capacity 15234K, committed 15704K, reserved 1048576K
}
Event: 16502.781 GC heap before
{Heap before GC invocations=44 (full 5):
 PSYoungGen      total 435712K, used 380147K [0x00000000e0000000, 0x0000000100000000, 0x0000000100000000)
  eden space 358400K, 100% used [0x00000000e0000000,0x00000000f5e00000,0x00000000f5e00000)
  from space 77312K, 28% used [0x00000000fb480000,0x00000000fc9bceb8,0x0000000100000000)
  to   space 82944K, 0% used [0x00000000f5e00000,0x00000000f5e00000,0x00000000faf00000)
 ParOldGen       total 318464K, used 131317K [0x00000000a0000000, 0x00000000b3700000, 0x00000000e0000000)
  object space 318464K, 41% used [0x00000000a0000000,0x00000000a803d5e0,0x00000000b3700000)
 Metaspace       used 110284K, capacity 117448K, committed 119360K, reserved 1153024K
  class space    used 13977K, capacity 15234K, committed 15704K, reserved 1048576K
Event: 16502.840 GC heap after
Heap after GC invocations=44 (full 5):
 PSYoungGen      total 441344K, used 21181K [0x00000000e0000000, 0x00000000fff80000, 0x0000000100000000)
  eden space 358400K, 0% used [0x00000000e0000000,0x00000000e0000000,0x00000000f5e00000)
  from space 82944K, 25% used [0x00000000f5e00000,0x00000000f72af6f0,0x00000000faf00000)
  to   space 79872K, 0% used [0x00000000fb180000,0x00000000fb180000,0x00000000fff80000)
 ParOldGen       total 318464K, used 131325K [0x00000000a0000000, 0x00000000b3700000, 0x00000000e0000000)
  object space 318464K, 41% used [0x00000000a0000000,0x00000000a803f5e0,0x00000000b3700000)
 Metaspace       used 110284K, capacity 117448K, committed 119360K, reserved 1153024K
  class space    used 13977K, capacity 15234K, committed 15704K, reserved 1048576K
}

