# JRE version: OpenJDK Runtime Environment (8.0_212-b04) (build 1.8.0_212-release-1586-b04)
# Java VM: OpenJDK 64-Bit Server VM (25.212-b04 mixed mode windows-amd64 compressed oops)
Heap:
 PSYoungGen      total 362496K, used 112941K [0x00000000e0000000, 0x00000000fcd80000, 0x0000000100000000)
  eden space 284160K, 36% used [0x00000000e0000000,0x00000000e6680798,0x00000000f1580000)
  from space 78336K, 10% used [0x00000000f1580000,0x00000000f1d4af38,0x00000000f6200000)
  to   space 76800K, 0% used [0x00000000f8280000,0x00000000f8280000,0x00000000fcd80000)
 ParOldGen       total 227840K, used 74912K [0x00000000a0000000, 0x00000000ade80000, 0x00000000e0000000)
  object space 227840K, 32% used [0x00000000a0000000,0x00000000a4928300,0x00000000ade80000)
 Metaspace       used 101824K, capacity 107572K, committed 107736K, reserved 1142784K
  class space    used 13223K, capacity 14289K, committed 14336K, reserved 1048576K
GC Heap History (10 events):
Event: 11831.786 GC heap before
{Heap before GC invocations=42 (full 4):
 PSYoungGen      total 327168K, used 261387K [0x00000000e0000000, 0x00000000fac00000, 0x0000000100000000)
  eden space 250368K, 100% used [0x00000000e0000000,0x00000000ef480000,0x00000000ef480000)
  from space 76800K, 14% used [0x00000000ef480000,0x00000000eff42e88,0x00000000f3f80000)
  to   space 75776K, 0% used [0x00000000f6200000,0x00000000f6200000,0x00000000fac00000)
 ParOldGen       total 265728K, used 173707K [0x00000000a0000000, 0x00000000b0380000, 0x00000000e0000000)
  object space 265728K, 65% used [0x00000000a0000000,0x00000000aa9a2ed0,0x00000000b0380000)
 Metaspace       used 91629K, capacity 96396K, committed 96600K, reserved 1132544K
  class space    used 12016K, capacity 12904K, committed 12928K, reserved 1048576K
Event: 11831.881 GC heap after
Heap after GC invocations=42 (full 4):
 PSYoungGen      total 354816K, used 62013K [0x00000000e0000000, 0x00000000fbd00000, 0x0000000100000000)
  eden space 279040K, 0% used [0x00000000e0000000,0x00000000e0000000,0x00000000f1080000)
  from space 75776K, 81% used [0x00000000f6200000,0x00000000f9e8f748,0x00000000fac00000)
  to   space 83456K, 0% used [0x00000000f1080000,0x00000000f1080000,0x00000000f6200000)
 ParOldGen       total 265728K, used 179278K [0x00000000a0000000, 0x00000000b0380000, 0x00000000e0000000)
  object space 265728K, 67% used [0x00000000a0000000,0x00000000aaf13bf0,0x00000000b0380000)
 Metaspace       used 91629K, capacity 96396K, committed 96600K, reserved 1132544K
  class space    used 12016K, capacity 12904K, committed 12928K, reserved 1048576K
}
Event: 12444.494 GC heap before
{Heap before GC invocations=43 (full 4):
 PSYoungGen      total 354816K, used 137990K [0x00000000e0000000, 0x00000000fbd00000, 0x0000000100000000)
  eden space 279040K, 27% used [0x00000000e0000000,0x00000000e4a32428,0x00000000f1080000)
  from space 75776K, 81% used [0x00000000f6200000,0x00000000f9e8f748,0x00000000fac00000)
  to   space 83456K, 0% used [0x00000000f1080000,0x00000000f1080000,0x00000000f6200000)
 ParOldGen       total 265728K, used 179278K [0x00000000a0000000, 0x00000000b0380000, 0x00000000e0000000)
  object space 265728K, 67% used [0x00000000a0000000,0x00000000aaf13bf0,0x00000000b0380000)
 Metaspace       used 93481K, capacity 98324K, committed 98392K, reserved 1138688K
  class space    used 12233K, capacity 13141K, committed 13184K, reserved 1048576K
Event: 12444.511 GC heap after
Heap after GC invocations=43 (full 4):
 PSYoungGen      total 362496K, used 8293K [0x00000000e0000000, 0x00000000fbd00000, 0x0000000100000000)
  eden space 279040K, 0% used [0x00000000e0000000,0x00000000e0000000,0x00000000f1080000)
  from space 83456K, 9% used [0x00000000f1080000,0x00000000f18995b0,0x00000000f6200000)
  to   space 75776K, 0% used [0x00000000f6200000,0x00000000f6200000,0x00000000fac00000)
 ParOldGen       total 265728K, used 180251K [0x00000000a0000000, 0x00000000b0380000, 0x00000000e0000000)
  object space 265728K, 67% used [0x00000000a0000000,0x00000000ab006f20,0x00000000b0380000)
 Metaspace       used 93481K, capacity 98324K, committed 98392K, reserved 1138688K
  class space    used 12233K, capacity 13141K, committed 13184K, reserved 1048576K
}
Event: 12444.511 GC heap before
{Heap before GC invocations=44 (full 5):
 PSYoungGen      total 362496K, used 8293K [0x00000000e0000000, 0x00000000fbd00000, 0x0000000100000000)
  eden space 279040K, 0% used [0x00000000e0000000,0x00000000e0000000,0x00000000f1080000)
  from space 83456K, 9% used [0x00000000f1080000,0x00000000f18995b0,0x00000000f6200000)
  to   space 75776K, 0% used [0x00000000f6200000,0x00000000f6200000,0x00000000fac00000)
 ParOldGen       total 265728K, used 180251K [0x00000000a0000000, 0x00000000b0380000, 0x00000000e0000000)
  object space 265728K, 67% used [0x00000000a0000000,0x00000000ab006f20,0x00000000b0380000)
 Metaspace       used 93481K, capacity 98324K, committed 98392K, reserved 1138688K
  class space    used 12233K, capacity 13141K, committed 13184K, reserved 1048576K
Event: 12445.213 GC heap after
Heap after GC invocations=44 (full 5):
 PSYoungGen      total 362496K, used 0K [0x00000000e0000000, 0x00000000fbd00000, 0x0000000100000000)
  eden space 279040K, 0% used [0x00000000e0000000,0x00000000e0000000,0x00000000f1080000)
  from space 83456K, 0% used [0x00000000f1080000,0x00000000f1080000,0x00000000f6200000)
  to   space 75776K, 0% used [0x00000000f6200000,0x00000000f6200000,0x00000000fac00000)
 ParOldGen       total 227840K, used 56209K [0x00000000a0000000, 0x00000000ade80000, 0x00000000e0000000)
  object space 227840K, 24% used [0x00000000a0000000,0x00000000a36e46a8,0x00000000ade80000)
 Metaspace       used 93420K, capacity 98226K, committed 98392K, reserved 1136640K
  class space    used 12223K, capacity 13124K, committed 13184K, reserved 1048576K
}
Event: 12733.772 GC heap before
{Heap before GC invocations=45 (full 5):
 PSYoungGen      total 362496K, used 279040K [0x00000000e0000000, 0x00000000fbd00000, 0x0000000100000000)
  eden space 279040K, 100% used [0x00000000e0000000,0x00000000f1080000,0x00000000f1080000)
  from space 83456K, 0% used [0x00000000f1080000,0x00000000f1080000,0x00000000f6200000)
  to   space 75776K, 0% used [0x00000000f6200000,0x00000000f6200000,0x00000000fac00000)
 ParOldGen       total 227840K, used 56209K [0x00000000a0000000, 0x00000000ade80000, 0x00000000e0000000)
  object space 227840K, 24% used [0x00000000a0000000,0x00000000a36e46a8,0x00000000ade80000)
 Metaspace       used 100370K, capacity 106056K, committed 106200K, reserved 1142784K
  class space    used 13118K, capacity 14231K, committed 14336K, reserved 1048576K
Event: 12733.804 GC heap after
Heap after GC invocations=45 (full 5):
 PSYoungGen      total 359936K, used 23250K [0x00000000e0000000, 0x00000000fce80000, 0x0000000100000000)
  eden space 284160K, 0% used [0x00000000e0000000,0x00000000e0000000,0x00000000f1580000)
  from space 75776K, 30% used [0x00000000f6200000,0x00000000f78b49a0,0x00000000fac00000)
  to   space 78336K, 0% used [0x00000000f1580000,0x00000000f1580000,0x00000000f6200000)
 ParOldGen       total 227840K, used 56217K [0x00000000a0000000, 0x00000000ade80000, 0x00000000e0000000)
  object space 227840K, 24% used [0x00000000a0000000,0x00000000a36e66a8,0x00000000ade80000)
 Metaspace       used 100370K, capacity 106056K, committed 106200K, reserved 1142784K
  class space    used 13118K, capacity 14231K, committed 14336K, reserved 1048576K
}
Event: 12741.889 GC heap before
{Heap before GC invocations=46 (full 5):
 PSYoungGen      total 359936K, used 307410K [0x00000000e0000000, 0x00000000fce80000, 0x0000000100000000)
  eden space 284160K, 100% used [0x00000000e0000000,0x00000000f1580000,0x00000000f1580000)
  from space 75776K, 30% used [0x00000000f6200000,0x00000000f78b49a0,0x00000000fac00000)
  to   space 78336K, 0% used [0x00000000f1580000,0x00000000f1580000,0x00000000f6200000)
 ParOldGen       total 227840K, used 56217K [0x00000000a0000000, 0x00000000ade80000, 0x00000000e0000000)
  object space 227840K, 24% used [0x00000000a0000000,0x00000000a36e66a8,0x00000000ade80000)
 Metaspace       used 101777K, capacity 107566K, committed 107736K, reserved 1142784K
  class space    used 13223K, capacity 14288K, committed 14336K, reserved 1048576K
Event: 12742.057 GC heap after
Heap after GC invocations=46 (full 5):
 PSYoungGen      total 362496K, used 7979K [0x00000000e0000000, 0x00000000fcd80000, 0x0000000100000000)
  eden space 284160K, 0% used [0x00000000e0000000,0x00000000e0000000,0x00000000f1580000)
  from space 78336K, 10% used [0x00000000f1580000,0x00000000f1d4af38,0x00000000f6200000)
  to   space 76800K, 0% used [0x00000000f8280000,0x00000000f8280000,0x00000000fcd80000)
 ParOldGen       total 227840K, used 74912K [0x00000000a0000000, 0x00000000ade80000, 0x00000000e0000000)
  object space 227840K, 32% used [0x00000000a0000000,0x00000000a4928300,0x00000000ade80000)
 Metaspace       used 101777K, capacity 107566K, committed 107736K, reserved 1142784K
  class space    used 13223K, capacity 14288K, committed 14336K, reserved 1048576K
}

