# JRE version: OpenJDK Runtime Environment (8.0_242-b01) (build 1.8.0_242-release-1644-b01)
# Java VM: OpenJDK 64-Bit Server VM (25.242-b01 mixed mode windows-amd64 compressed oops)
Heap:
 PSYoungGen      total 248320K, used 108311K [0x00000000e0000000, 0x00000000f2b80000, 0x0000000100000000)
  eden space 202752K, 52% used [0x00000000e0000000,0x00000000e674de38,0x00000000ec600000)
  from space 45568K, 5% used [0x00000000ef500000,0x00000000ef778010,0x00000000f2180000)
  to   space 48128K, 0% used [0x00000000ec600000,0x00000000ec600000,0x00000000ef500000)
 ParOldGen       total 169472K, used 100075K [0x00000000a0000000, 0x00000000aa580000, 0x00000000e0000000)
  object space 169472K, 59% used [0x00000000a0000000,0x00000000a61bac20,0x00000000aa580000)
 Metaspace       used 107571K, capacity 112170K, committed 112552K, reserved 1146880K
  class space    used 13763K, capacity 14630K, committed 14768K, reserved 1048576K
GC Heap History (10 events):
Event: 2512.429 GC heap before
{Heap before GC invocations=34 (full 4):
 PSYoungGen      total 250880K, used 223457K [0x00000000e0000000, 0x00000000f2b80000, 0x0000000100000000)
  eden space 202752K, 100% used [0x00000000e0000000,0x00000000ec600000,0x00000000ec600000)
  from space 48128K, 43% used [0x00000000ec600000,0x00000000eda387a8,0x00000000ef500000)
  to   space 45568K, 0% used [0x00000000ef500000,0x00000000ef500000,0x00000000f2180000)
 ParOldGen       total 169472K, used 72458K [0x00000000a0000000, 0x00000000aa580000, 0x00000000e0000000)
  object space 169472K, 42% used [0x00000000a0000000,0x00000000a46c2ad0,0x00000000aa580000)
 Metaspace       used 107287K, capacity 111950K, committed 112296K, reserved 1146880K
  class space    used 13759K, capacity 14628K, committed 14768K, reserved 1048576K
Event: 2512.465 GC heap after
Heap after GC invocations=34 (full 4):
 PSYoungGen      total 248320K, used 7341K [0x00000000e0000000, 0x00000000f2b80000, 0x0000000100000000)
  eden space 202752K, 0% used [0x00000000e0000000,0x00000000e0000000,0x00000000ec600000)
  from space 45568K, 16% used [0x00000000ef500000,0x00000000efc2b718,0x00000000f2180000)
  to   space 48128K, 0% used [0x00000000ec600000,0x00000000ec600000,0x00000000ef500000)
 ParOldGen       total 169472K, used 86533K [0x00000000a0000000, 0x00000000aa580000, 0x00000000e0000000)
  object space 169472K, 51% used [0x00000000a0000000,0x00000000a5481690,0x00000000aa580000)
 Metaspace       used 107287K, capacity 111950K, committed 112296K, reserved 1146880K
  class space    used 13759K, capacity 14628K, committed 14768K, reserved 1048576K
}
Event: 2514.541 GC heap before
{Heap before GC invocations=35 (full 4):
 PSYoungGen      total 248320K, used 210093K [0x00000000e0000000, 0x00000000f2b80000, 0x0000000100000000)
  eden space 202752K, 100% used [0x00000000e0000000,0x00000000ec600000,0x00000000ec600000)
  from space 45568K, 16% used [0x00000000ef500000,0x00000000efc2b718,0x00000000f2180000)
  to   space 48128K, 0% used [0x00000000ec600000,0x00000000ec600000,0x00000000ef500000)
 ParOldGen       total 169472K, used 86533K [0x00000000a0000000, 0x00000000aa580000, 0x00000000e0000000)
  object space 169472K, 51% used [0x00000000a0000000,0x00000000a5481690,0x00000000aa580000)
 Metaspace       used 107423K, capacity 112090K, committed 112296K, reserved 1146880K
  class space    used 13761K, capacity 14628K, committed 14768K, reserved 1048576K
Event: 2514.568 GC heap after
Heap after GC invocations=35 (full 4):
 PSYoungGen      total 250880K, used 8538K [0x00000000e0000000, 0x00000000f2b80000, 0x0000000100000000)
  eden space 202752K, 0% used [0x00000000e0000000,0x00000000e0000000,0x00000000ec600000)
  from space 48128K, 17% used [0x00000000ec600000,0x00000000ece56b88,0x00000000ef500000)
  to   space 45568K, 0% used [0x00000000ef500000,0x00000000ef500000,0x00000000f2180000)
 ParOldGen       total 169472K, used 88929K [0x00000000a0000000, 0x00000000aa580000, 0x00000000e0000000)
  object space 169472K, 52% used [0x00000000a0000000,0x00000000a56d86b0,0x00000000aa580000)
 Metaspace       used 107423K, capacity 112090K, committed 112296K, reserved 1146880K
  class space    used 13761K, capacity 14628K, committed 14768K, reserved 1048576K
}
Event: 2515.958 GC heap before
{Heap before GC invocations=36 (full 4):
 PSYoungGen      total 250880K, used 211290K [0x00000000e0000000, 0x00000000f2b80000, 0x0000000100000000)
  eden space 202752K, 100% used [0x00000000e0000000,0x00000000ec600000,0x00000000ec600000)
  from space 48128K, 17% used [0x00000000ec600000,0x00000000ece56b88,0x00000000ef500000)
  to   space 45568K, 0% used [0x00000000ef500000,0x00000000ef500000,0x00000000f2180000)
 ParOldGen       total 169472K, used 88929K [0x00000000a0000000, 0x00000000aa580000, 0x00000000e0000000)
  object space 169472K, 52% used [0x00000000a0000000,0x00000000a56d86b0,0x00000000aa580000)
 Metaspace       used 107432K, capacity 112090K, committed 112296K, reserved 1146880K
  class space    used 13761K, capacity 14628K, committed 14768K, reserved 1048576K
Event: 2516.021 GC heap after
Heap after GC invocations=36 (full 4):
 PSYoungGen      total 248320K, used 13586K [0x00000000e0000000, 0x00000000f2b80000, 0x0000000100000000)
  eden space 202752K, 0% used [0x00000000e0000000,0x00000000e0000000,0x00000000ec600000)
  from space 45568K, 29% used [0x00000000ef500000,0x00000000f0244be8,0x00000000f2180000)
  to   space 48128K, 0% used [0x00000000ec600000,0x00000000ec600000,0x00000000ef500000)
 ParOldGen       total 169472K, used 89983K [0x00000000a0000000, 0x00000000aa580000, 0x00000000e0000000)
  object space 169472K, 53% used [0x00000000a0000000,0x00000000a57dfc40,0x00000000aa580000)
 Metaspace       used 107432K, capacity 112090K, committed 112296K, reserved 1146880K
  class space    used 13761K, capacity 14628K, committed 14768K, reserved 1048576K
}
Event: 2517.158 GC heap before
{Heap before GC invocations=37 (full 4):
 PSYoungGen      total 248320K, used 216338K [0x00000000e0000000, 0x00000000f2b80000, 0x0000000100000000)
  eden space 202752K, 100% used [0x00000000e0000000,0x00000000ec600000,0x00000000ec600000)
  from space 45568K, 29% used [0x00000000ef500000,0x00000000f0244be8,0x00000000f2180000)
  to   space 48128K, 0% used [0x00000000ec600000,0x00000000ec600000,0x00000000ef500000)
 ParOldGen       total 169472K, used 89983K [0x00000000a0000000, 0x00000000aa580000, 0x00000000e0000000)
  object space 169472K, 53% used [0x00000000a0000000,0x00000000a57dfc40,0x00000000aa580000)
 Metaspace       used 107554K, capacity 112166K, committed 112552K, reserved 1146880K
  class space    used 13763K, capacity 14630K, committed 14768K, reserved 1048576K
Event: 2517.264 GC heap after
Heap after GC invocations=37 (full 4):
 PSYoungGen      total 250880K, used 8650K [0x00000000e0000000, 0x00000000f2b80000, 0x0000000100000000)
  eden space 202752K, 0% used [0x00000000e0000000,0x00000000e0000000,0x00000000ec600000)
  from space 48128K, 17% used [0x00000000ec600000,0x00000000ece72858,0x00000000ef500000)
  to   space 45568K, 0% used [0x00000000ef500000,0x00000000ef500000,0x00000000f2180000)
 ParOldGen       total 169472K, used 99308K [0x00000000a0000000, 0x00000000aa580000, 0x00000000e0000000)
  object space 169472K, 58% used [0x00000000a0000000,0x00000000a60fb160,0x00000000aa580000)
 Metaspace       used 107554K, capacity 112166K, committed 112552K, reserved 1146880K
  class space    used 13763K, capacity 14630K, committed 14768K, reserved 1048576K
}
Event: 2519.060 GC heap before
{Heap before GC invocations=38 (full 4):
 PSYoungGen      total 250880K, used 211402K [0x00000000e0000000, 0x00000000f2b80000, 0x0000000100000000)
  eden space 202752K, 100% used [0x00000000e0000000,0x00000000ec600000,0x00000000ec600000)
  from space 48128K, 17% used [0x00000000ec600000,0x00000000ece72858,0x00000000ef500000)
  to   space 45568K, 0% used [0x00000000ef500000,0x00000000ef500000,0x00000000f2180000)
 ParOldGen       total 169472K, used 99308K [0x00000000a0000000, 0x00000000aa580000, 0x00000000e0000000)
  object space 169472K, 58% used [0x00000000a0000000,0x00000000a60fb160,0x00000000aa580000)
 Metaspace       used 107565K, capacity 112170K, committed 112552K, reserved 1146880K
  class space    used 13763K, capacity 14630K, committed 14768K, reserved 1048576K
Event: 2519.086 GC heap after
Heap after GC invocations=38 (full 4):
 PSYoungGen      total 248320K, used 2528K [0x00000000e0000000, 0x00000000f2b80000, 0x0000000100000000)
  eden space 202752K, 0% used [0x00000000e0000000,0x00000000e0000000,0x00000000ec600000)
  from space 45568K, 5% used [0x00000000ef500000,0x00000000ef778010,0x00000000f2180000)
  to   space 48128K, 0% used [0x00000000ec600000,0x00000000ec600000,0x00000000ef500000)
 ParOldGen       total 169472K, used 100075K [0x00000000a0000000, 0x00000000aa580000, 0x00000000e0000000)
  object space 169472K, 59% used [0x00000000a0000000,0x00000000a61bac20,0x00000000aa580000)
 Metaspace       used 107565K, capacity 112170K, committed 112552K, reserved 1146880K
  class space    used 13763K, capacity 14630K, committed 14768K, reserved 1048576K
}

