# JRE version: OpenJDK Runtime Environment (8.0_242-b01) (build 1.8.0_242-release-1644-b01)
# Java VM: OpenJDK 64-Bit Server VM (25.242-b01 mixed mode windows-amd64 compressed oops)
Heap:
 PSYoungGen      total 194048K, used 20067K [0x00000000e0000000, 0x00000000f1900000, 0x0000000100000000)
  eden space 179200K, 11% used [0x00000000e0000000,0x00000000e1398cc8,0x00000000eaf00000)
  from space 14848K, 0% used [0x00000000eaf00000,0x00000000eaf00000,0x00000000ebd80000)
  to   space 20480K, 0% used [0x00000000f0500000,0x00000000f0500000,0x00000000f1900000)
 ParOldGen       total 71680K, used 38439K [0x00000000a0000000, 0x00000000a4600000, 0x00000000e0000000)
  object space 71680K, 53% used [0x00000000a0000000,0x00000000a2589de8,0x00000000a4600000)
 Metaspace       used 57094K, capacity 59164K, committed 59416K, reserved 1099776K
  class space    used 7696K, capacity 8171K, committed 8232K, reserved 1048576K
GC Heap History (10 events):
Event: 11.512 GC heap before
{Heap before GC invocations=10 (full 1):
 PSYoungGen      total 129536K, used 116740K [0x00000000e0000000, 0x00000000e9300000, 0x0000000100000000)
  eden space 121344K, 89% used [0x00000000e0000000,0x00000000e6a2d3c0,0x00000000e7680000)
  from space 8192K, 97% used [0x00000000e8b00000,0x00000000e92d3f60,0x00000000e9300000)
  to   space 11264K, 0% used [0x00000000e7d00000,0x00000000e7d00000,0x00000000e8800000)
 ParOldGen       total 49664K, used 7468K [0x00000000a0000000, 0x00000000a3080000, 0x00000000e0000000)
  object space 49664K, 15% used [0x00000000a0000000,0x00000000a074b260,0x00000000a3080000)
 Metaspace       used 34426K, capacity 35418K, committed 35496K, reserved 1079296K
  class space    used 4687K, capacity 4974K, committed 5032K, reserved 1048576K
Event: 11.528 GC heap after
Heap after GC invocations=10 (full 1):
 PSYoungGen      total 139264K, used 11241K [0x00000000e0000000, 0x00000000eca80000, 0x0000000100000000)
  eden space 128000K, 0% used [0x00000000e0000000,0x00000000e0000000,0x00000000e7d00000)
  from space 11264K, 99% used [0x00000000e7d00000,0x00000000e87fa7f0,0x00000000e8800000)
  to   space 13312K, 0% used [0x00000000ebd80000,0x00000000ebd80000,0x00000000eca80000)
 ParOldGen       total 49664K, used 8972K [0x00000000a0000000, 0x00000000a3080000, 0x00000000e0000000)
  object space 49664K, 18% used [0x00000000a0000000,0x00000000a08c33f8,0x00000000a3080000)
 Metaspace       used 34426K, capacity 35418K, committed 35496K, reserved 1079296K
  class space    used 4687K, capacity 4974K, committed 5032K, reserved 1048576K
}
Event: 11.528 GC heap before
{Heap before GC invocations=11 (full 2):
 PSYoungGen      total 139264K, used 11241K [0x00000000e0000000, 0x00000000eca80000, 0x0000000100000000)
  eden space 128000K, 0% used [0x00000000e0000000,0x00000000e0000000,0x00000000e7d00000)
  from space 11264K, 99% used [0x00000000e7d00000,0x00000000e87fa7f0,0x00000000e8800000)
  to   space 13312K, 0% used [0x00000000ebd80000,0x00000000ebd80000,0x00000000eca80000)
 ParOldGen       total 49664K, used 8972K [0x00000000a0000000, 0x00000000a3080000, 0x00000000e0000000)
  object space 49664K, 18% used [0x00000000a0000000,0x00000000a08c33f8,0x00000000a3080000)
 Metaspace       used 34426K, capacity 35418K, committed 35496K, reserved 1079296K
  class space    used 4687K, capacity 4974K, committed 5032K, reserved 1048576K
Event: 11.648 GC heap after
Heap after GC invocations=11 (full 2):
 PSYoungGen      total 139264K, used 0K [0x00000000e0000000, 0x00000000eca80000, 0x0000000100000000)
  eden space 128000K, 0% used [0x00000000e0000000,0x00000000e0000000,0x00000000e7d00000)
  from space 11264K, 0% used [0x00000000e7d00000,0x00000000e7d00000,0x00000000e8800000)
  to   space 13312K, 0% used [0x00000000ebd80000,0x00000000ebd80000,0x00000000eca80000)
 ParOldGen       total 71680K, used 19613K [0x00000000a0000000, 0x00000000a4600000, 0x00000000e0000000)
  object space 71680K, 27% used [0x00000000a0000000,0x00000000a1327490,0x00000000a4600000)
 Metaspace       used 34426K, capacity 35418K, committed 35496K, reserved 1079296K
  class space    used 4687K, capacity 4974K, committed 5032K, reserved 1048576K
}
Event: 20.238 GC heap before
{Heap before GC invocations=12 (full 2):
 PSYoungGen      total 139264K, used 128000K [0x00000000e0000000, 0x00000000eca80000, 0x0000000100000000)
  eden space 128000K, 100% used [0x00000000e0000000,0x00000000e7d00000,0x00000000e7d00000)
  from space 11264K, 0% used [0x00000000e7d00000,0x00000000e7d00000,0x00000000e8800000)
  to   space 13312K, 0% used [0x00000000ebd80000,0x00000000ebd80000,0x00000000eca80000)
 ParOldGen       total 71680K, used 19613K [0x00000000a0000000, 0x00000000a4600000, 0x00000000e0000000)
  object space 71680K, 27% used [0x00000000a0000000,0x00000000a1327490,0x00000000a4600000)
 Metaspace       used 44090K, capacity 45656K, committed 45864K, reserved 1089536K
  class space    used 5943K, capacity 6313K, committed 6440K, reserved 1048576K
Event: 20.281 GC heap after
Heap after GC invocations=12 (full 2):
 PSYoungGen      total 192512K, used 12983K [0x00000000e0000000, 0x00000000ecd80000, 0x0000000100000000)
  eden space 179200K, 0% used [0x00000000e0000000,0x00000000e0000000,0x00000000eaf00000)
  from space 13312K, 97% used [0x00000000ebd80000,0x00000000eca2df90,0x00000000eca80000)
  to   space 14848K, 0% used [0x00000000eaf00000,0x00000000eaf00000,0x00000000ebd80000)
 ParOldGen       total 71680K, used 19621K [0x00000000a0000000, 0x00000000a4600000, 0x00000000e0000000)
  object space 71680K, 27% used [0x00000000a0000000,0x00000000a1329490,0x00000000a4600000)
 Metaspace       used 44090K, capacity 45656K, committed 45864K, reserved 1089536K
  class space    used 5943K, capacity 6313K, committed 6440K, reserved 1048576K
}
Event: 28.717 GC heap before
{Heap before GC invocations=13 (full 2):
 PSYoungGen      total 192512K, used 167957K [0x00000000e0000000, 0x00000000ecd80000, 0x0000000100000000)
  eden space 179200K, 86% used [0x00000000e0000000,0x00000000e97574f0,0x00000000eaf00000)
  from space 13312K, 97% used [0x00000000ebd80000,0x00000000eca2df90,0x00000000eca80000)
  to   space 14848K, 0% used [0x00000000eaf00000,0x00000000eaf00000,0x00000000ebd80000)
 ParOldGen       total 71680K, used 19621K [0x00000000a0000000, 0x00000000a4600000, 0x00000000e0000000)
  object space 71680K, 27% used [0x00000000a0000000,0x00000000a1329490,0x00000000a4600000)
 Metaspace       used 56877K, capacity 59048K, committed 59160K, reserved 1099776K
  class space    used 7643K, capacity 8150K, committed 8232K, reserved 1048576K
Event: 28.753 GC heap after
Heap after GC invocations=13 (full 2):
 PSYoungGen      total 194048K, used 14835K [0x00000000e0000000, 0x00000000f1900000, 0x0000000100000000)
  eden space 179200K, 0% used [0x00000000e0000000,0x00000000e0000000,0x00000000eaf00000)
  from space 14848K, 99% used [0x00000000eaf00000,0x00000000ebd7cea0,0x00000000ebd80000)
  to   space 20480K, 0% used [0x00000000f0500000,0x00000000f0500000,0x00000000f1900000)
 ParOldGen       total 71680K, used 28962K [0x00000000a0000000, 0x00000000a4600000, 0x00000000e0000000)
  object space 71680K, 40% used [0x00000000a0000000,0x00000000a1c48bb8,0x00000000a4600000)
 Metaspace       used 56877K, capacity 59048K, committed 59160K, reserved 1099776K
  class space    used 7643K, capacity 8150K, committed 8232K, reserved 1048576K
}
Event: 28.753 GC heap before
{Heap before GC invocations=14 (full 3):
 PSYoungGen      total 194048K, used 14835K [0x00000000e0000000, 0x00000000f1900000, 0x0000000100000000)
  eden space 179200K, 0% used [0x00000000e0000000,0x00000000e0000000,0x00000000eaf00000)
  from space 14848K, 99% used [0x00000000eaf00000,0x00000000ebd7cea0,0x00000000ebd80000)
  to   space 20480K, 0% used [0x00000000f0500000,0x00000000f0500000,0x00000000f1900000)
 ParOldGen       total 71680K, used 28962K [0x00000000a0000000, 0x00000000a4600000, 0x00000000e0000000)
  object space 71680K, 40% used [0x00000000a0000000,0x00000000a1c48bb8,0x00000000a4600000)
 Metaspace       used 56877K, capacity 59048K, committed 59160K, reserved 1099776K
  class space    used 7643K, capacity 8150K, committed 8232K, reserved 1048576K
Event: 29.045 GC heap after
Heap after GC invocations=14 (full 3):
 PSYoungGen      total 194048K, used 0K [0x00000000e0000000, 0x00000000f1900000, 0x0000000100000000)
  eden space 179200K, 0% used [0x00000000e0000000,0x00000000e0000000,0x00000000eaf00000)
  from space 14848K, 0% used [0x00000000eaf00000,0x00000000eaf00000,0x00000000ebd80000)
  to   space 20480K, 0% used [0x00000000f0500000,0x00000000f0500000,0x00000000f1900000)
 ParOldGen       total 71680K, used 38439K [0x00000000a0000000, 0x00000000a4600000, 0x00000000e0000000)
  object space 71680K, 53% used [0x00000000a0000000,0x00000000a2589de8,0x00000000a4600000)
 Metaspace       used 56839K, capacity 58918K, committed 59160K, reserved 1099776K
  class space    used 7632K, capacity 8135K, committed 8232K, reserved 1048576K
}

